TensorFlow 2.0 Upgrade Script
-----------------------------
Converted 253 files
Detected 16 issues that require attention
--------------------------------------------------------------------------------
--------------------------------------------------------------------------------
File: /project/roysam/rwmills/proj/DEEP-TIMING/DT2-detector/Cell/utils/ops.py
--------------------------------------------------------------------------------
/project/roysam/rwmills/proj/DEEP-TIMING/DT2-detector/Cell/utils/ops.py:448:18: ERROR: Using member tf.contrib.framework.model_variable in deprecated module tf.contrib. tf.contrib.framework.model_variable cannot be converted automatically. tf.contrib will not be distributed with TensorFlow 2.0, please consider an alternative in non-contrib TensorFlow, a community-maintained repository such as tensorflow/addons, or fork the required code.
--------------------------------------------------------------------------------
File: /project/roysam/rwmills/proj/DEEP-TIMING/DT2-detector/Cell/utils/ops_test.py
--------------------------------------------------------------------------------
/project/roysam/rwmills/proj/DEEP-TIMING/DT2-detector/Cell/utils/ops_test.py:651:17: ERROR: Using member tf.contrib.framework.get_variables in deprecated module tf.contrib. tf.contrib.framework.get_variables cannot be converted automatically. tf.contrib will not be distributed with TensorFlow 2.0, please consider an alternative in non-contrib TensorFlow, a community-maintained repository such as tensorflow/addons, or fork the required code.
--------------------------------------------------------------------------------
File: /project/roysam/rwmills/proj/DEEP-TIMING/DT2-detector/Cell/utils/variables_helper.py
--------------------------------------------------------------------------------
/project/roysam/rwmills/proj/DEEP-TIMING/DT2-detector/Cell/utils/variables_helper.py:23:7: ERROR: Using member tf.contrib.slim in deprecated module tf.contrib. tf.contrib.slim cannot be converted automatically. tf.contrib will not be distributed with TensorFlow 2.0, please consider an alternative in non-contrib TensorFlow, a community-maintained repository such as tensorflow/addons, or fork the required code.
--------------------------------------------------------------------------------
File: /project/roysam/rwmills/proj/DEEP-TIMING/DT2-detector/Cell/utils/variables_helper_test.py
--------------------------------------------------------------------------------
/project/roysam/rwmills/proj/DEEP-TIMING/DT2-detector/Cell/utils/variables_helper_test.py:141:6: WARNING: *.save requires manual check. (This warning is only applicable if the code saves a tf.Keras model) Keras model.save now saves to the Tensorflow SavedModel format by default, instead of HDF5. To continue saving to HDF5, add the argument save_format='h5' to the save() function.
/project/roysam/rwmills/proj/DEEP-TIMING/DT2-detector/Cell/utils/variables_helper_test.py:155:6: WARNING: *.save requires manual check. (This warning is only applicable if the code saves a tf.Keras model) Keras model.save now saves to the Tensorflow SavedModel format by default, instead of HDF5. To continue saving to HDF5, add the argument save_format='h5' to the save() function.
/project/roysam/rwmills/proj/DEEP-TIMING/DT2-detector/Cell/utils/variables_helper_test.py:171:6: WARNING: *.save requires manual check. (This warning is only applicable if the code saves a tf.Keras model) Keras model.save now saves to the Tensorflow SavedModel format by default, instead of HDF5. To continue saving to HDF5, add the argument save_format='h5' to the save() function.
--------------------------------------------------------------------------------
File: /project/roysam/rwmills/proj/DEEP-TIMING/DT2-detector/Cell/utils/visualization_utils.py
--------------------------------------------------------------------------------
/project/roysam/rwmills/proj/DEEP-TIMING/DT2-detector/Cell/utils/visualization_utils.py:70:4: WARNING: *.save requires manual check. (This warning is only applicable if the code saves a tf.Keras model) Keras model.save now saves to the Tensorflow SavedModel format by default, instead of HDF5. To continue saving to HDF5, add the argument save_format='h5' to the save() function.
/project/roysam/rwmills/proj/DEEP-TIMING/DT2-detector/Cell/utils/visualization_utils.py:84:2: WARNING: *.save requires manual check. (This warning is only applicable if the code saves a tf.Keras model) Keras model.save now saves to the Tensorflow SavedModel format by default, instead of HDF5. To continue saving to HDF5, add the argument save_format='h5' to the save() function.
--------------------------------------------------------------------------------
File: /project/roysam/rwmills/proj/DEEP-TIMING/DT2-detector/Well/faster-rcnn/utils/ops.py
--------------------------------------------------------------------------------
/project/roysam/rwmills/proj/DEEP-TIMING/DT2-detector/Well/faster-rcnn/utils/ops.py:448:18: ERROR: Using member tf.contrib.framework.model_variable in deprecated module tf.contrib. tf.contrib.framework.model_variable cannot be converted automatically. tf.contrib will not be distributed with TensorFlow 2.0, please consider an alternative in non-contrib TensorFlow, a community-maintained repository such as tensorflow/addons, or fork the required code.
--------------------------------------------------------------------------------
File: /project/roysam/rwmills/proj/DEEP-TIMING/DT2-detector/Well/faster-rcnn/utils/ops_test.py
--------------------------------------------------------------------------------
/project/roysam/rwmills/proj/DEEP-TIMING/DT2-detector/Well/faster-rcnn/utils/ops_test.py:651:17: ERROR: Using member tf.contrib.framework.get_variables in deprecated module tf.contrib. tf.contrib.framework.get_variables cannot be converted automatically. tf.contrib will not be distributed with TensorFlow 2.0, please consider an alternative in non-contrib TensorFlow, a community-maintained repository such as tensorflow/addons, or fork the required code.
--------------------------------------------------------------------------------
File: /project/roysam/rwmills/proj/DEEP-TIMING/DT2-detector/Well/faster-rcnn/utils/variables_helper.py
--------------------------------------------------------------------------------
/project/roysam/rwmills/proj/DEEP-TIMING/DT2-detector/Well/faster-rcnn/utils/variables_helper.py:23:7: ERROR: Using member tf.contrib.slim in deprecated module tf.contrib. tf.contrib.slim cannot be converted automatically. tf.contrib will not be distributed with TensorFlow 2.0, please consider an alternative in non-contrib TensorFlow, a community-maintained repository such as tensorflow/addons, or fork the required code.
--------------------------------------------------------------------------------
File: /project/roysam/rwmills/proj/DEEP-TIMING/DT2-detector/Well/faster-rcnn/utils/variables_helper_test.py
--------------------------------------------------------------------------------
/project/roysam/rwmills/proj/DEEP-TIMING/DT2-detector/Well/faster-rcnn/utils/variables_helper_test.py:141:6: WARNING: *.save requires manual check. (This warning is only applicable if the code saves a tf.Keras model) Keras model.save now saves to the Tensorflow SavedModel format by default, instead of HDF5. To continue saving to HDF5, add the argument save_format='h5' to the save() function.
/project/roysam/rwmills/proj/DEEP-TIMING/DT2-detector/Well/faster-rcnn/utils/variables_helper_test.py:155:6: WARNING: *.save requires manual check. (This warning is only applicable if the code saves a tf.Keras model) Keras model.save now saves to the Tensorflow SavedModel format by default, instead of HDF5. To continue saving to HDF5, add the argument save_format='h5' to the save() function.
/project/roysam/rwmills/proj/DEEP-TIMING/DT2-detector/Well/faster-rcnn/utils/variables_helper_test.py:171:6: WARNING: *.save requires manual check. (This warning is only applicable if the code saves a tf.Keras model) Keras model.save now saves to the Tensorflow SavedModel format by default, instead of HDF5. To continue saving to HDF5, add the argument save_format='h5' to the save() function.
--------------------------------------------------------------------------------
File: /project/roysam/rwmills/proj/DEEP-TIMING/DT2-detector/Well/faster-rcnn/utils/visualization_utils.py
--------------------------------------------------------------------------------
/project/roysam/rwmills/proj/DEEP-TIMING/DT2-detector/Well/faster-rcnn/utils/visualization_utils.py:70:4: WARNING: *.save requires manual check. (This warning is only applicable if the code saves a tf.Keras model) Keras model.save now saves to the Tensorflow SavedModel format by default, instead of HDF5. To continue saving to HDF5, add the argument save_format='h5' to the save() function.
/project/roysam/rwmills/proj/DEEP-TIMING/DT2-detector/Well/faster-rcnn/utils/visualization_utils.py:84:2: WARNING: *.save requires manual check. (This warning is only applicable if the code saves a tf.Keras model) Keras model.save now saves to the Tensorflow SavedModel format by default, instead of HDF5. To continue saving to HDF5, add the argument save_format='h5' to the save() function.
================================================================================
Detailed log follows:

================================================================================
================================================================================
Input tree: '/project/roysam/rwmills/proj/DEEP-TIMING/'
================================================================================
--------------------------------------------------------------------------------
Processing file '/project/roysam/rwmills/proj/DEEP-TIMING/DEEP-TIMING-Pipeline-Demo.py'
 outputting to '/project/roysam/rwmills/proj/DEEP-TIMING_v2/DEEP-TIMING-Pipeline-Demo.py'
--------------------------------------------------------------------------------


--------------------------------------------------------------------------------

--------------------------------------------------------------------------------
Processing file '/project/roysam/rwmills/proj/DEEP-TIMING/DEEP-TIMING-Pipeline-Demo2.py'
 outputting to '/project/roysam/rwmills/proj/DEEP-TIMING_v2/DEEP-TIMING-Pipeline-Demo2.py'
--------------------------------------------------------------------------------


--------------------------------------------------------------------------------

--------------------------------------------------------------------------------
Processing file '/project/roysam/rwmills/proj/DEEP-TIMING/setup_DT_board.py'
 outputting to '/project/roysam/rwmills/proj/DEEP-TIMING_v2/setup_DT_board.py'
--------------------------------------------------------------------------------


--------------------------------------------------------------------------------

--------------------------------------------------------------------------------
Processing file '/project/roysam/rwmills/proj/DEEP-TIMING/setup_DT_pipeline.py'
 outputting to '/project/roysam/rwmills/proj/DEEP-TIMING_v2/setup_DT_pipeline.py'
--------------------------------------------------------------------------------


--------------------------------------------------------------------------------

--------------------------------------------------------------------------------
Processing file '/project/roysam/rwmills/proj/DEEP-TIMING/setup_env.py'
 outputting to '/project/roysam/rwmills/proj/DEEP-TIMING_v2/setup_env.py'
--------------------------------------------------------------------------------


--------------------------------------------------------------------------------

--------------------------------------------------------------------------------
Processing file '/project/roysam/rwmills/proj/DEEP-TIMING/DT-HPC/Deep-Timing-1.py'
 outputting to '/project/roysam/rwmills/proj/DEEP-TIMING_v2/DT-HPC/Deep-Timing-1.py'
--------------------------------------------------------------------------------


--------------------------------------------------------------------------------

--------------------------------------------------------------------------------
Processing file '/project/roysam/rwmills/proj/DEEP-TIMING/DT-HPC/Deep-Timing-2.py'
 outputting to '/project/roysam/rwmills/proj/DEEP-TIMING_v2/DT-HPC/Deep-Timing-2.py'
--------------------------------------------------------------------------------


--------------------------------------------------------------------------------

--------------------------------------------------------------------------------
Processing file '/project/roysam/rwmills/proj/DEEP-TIMING/DT1-preprocessor/DT_Init.py'
 outputting to '/project/roysam/rwmills/proj/DEEP-TIMING_v2/DT1-preprocessor/DT_Init.py'
--------------------------------------------------------------------------------


--------------------------------------------------------------------------------

--------------------------------------------------------------------------------
Processing file '/project/roysam/rwmills/proj/DEEP-TIMING/DT1-preprocessor/DT_Preprocessor.py'
 outputting to '/project/roysam/rwmills/proj/DEEP-TIMING_v2/DT1-preprocessor/DT_Preprocessor.py'
--------------------------------------------------------------------------------


--------------------------------------------------------------------------------

--------------------------------------------------------------------------------
Processing file '/project/roysam/rwmills/proj/DEEP-TIMING/DT1-preprocessor/__init__.py'
 outputting to '/project/roysam/rwmills/proj/DEEP-TIMING_v2/DT1-preprocessor/__init__.py'
--------------------------------------------------------------------------------


--------------------------------------------------------------------------------

--------------------------------------------------------------------------------
Processing file '/project/roysam/rwmills/proj/DEEP-TIMING/DT2-detector/Cell/DT_Cell_Detection_Cleaner.py'
 outputting to '/project/roysam/rwmills/proj/DEEP-TIMING_v2/DT2-detector/Cell/DT_Cell_Detection_Cleaner.py'
--------------------------------------------------------------------------------


--------------------------------------------------------------------------------

--------------------------------------------------------------------------------
Processing file '/project/roysam/rwmills/proj/DEEP-TIMING/DT2-detector/Cell/DT_Cell_Detector.py'
 outputting to '/project/roysam/rwmills/proj/DEEP-TIMING_v2/DT2-detector/Cell/DT_Cell_Detector.py'
--------------------------------------------------------------------------------

115:23: INFO: Renamed 'tf.GraphDef' to 'tf.compat.v1.GraphDef'
116:13: INFO: Renamed 'tf.gfile.GFile' to 'tf.io.gfile.GFile'
132:13: INFO: Renamed 'tf.Session' to 'tf.compat.v1.Session'
--------------------------------------------------------------------------------

--------------------------------------------------------------------------------
Processing file '/project/roysam/rwmills/proj/DEEP-TIMING/DT2-detector/Cell/protos/__init__.py'
 outputting to '/project/roysam/rwmills/proj/DEEP-TIMING_v2/DT2-detector/Cell/protos/__init__.py'
--------------------------------------------------------------------------------


--------------------------------------------------------------------------------

--------------------------------------------------------------------------------
Processing file '/project/roysam/rwmills/proj/DEEP-TIMING/DT2-detector/Cell/protos/pipeline_pb2.py'
 outputting to '/project/roysam/rwmills/proj/DEEP-TIMING_v2/DT2-detector/Cell/protos/pipeline_pb2.py'
--------------------------------------------------------------------------------


--------------------------------------------------------------------------------

--------------------------------------------------------------------------------
Processing file '/project/roysam/rwmills/proj/DEEP-TIMING/DT2-detector/Cell/protos/anchor_generator_pb2.py'
 outputting to '/project/roysam/rwmills/proj/DEEP-TIMING_v2/DT2-detector/Cell/protos/anchor_generator_pb2.py'
--------------------------------------------------------------------------------


--------------------------------------------------------------------------------

--------------------------------------------------------------------------------
Processing file '/project/roysam/rwmills/proj/DEEP-TIMING/DT2-detector/Cell/protos/post_processing_pb2.py'
 outputting to '/project/roysam/rwmills/proj/DEEP-TIMING_v2/DT2-detector/Cell/protos/post_processing_pb2.py'
--------------------------------------------------------------------------------


--------------------------------------------------------------------------------

--------------------------------------------------------------------------------
Processing file '/project/roysam/rwmills/proj/DEEP-TIMING/DT2-detector/Cell/protos/argmax_matcher_pb2.py'
 outputting to '/project/roysam/rwmills/proj/DEEP-TIMING_v2/DT2-detector/Cell/protos/argmax_matcher_pb2.py'
--------------------------------------------------------------------------------


--------------------------------------------------------------------------------

--------------------------------------------------------------------------------
Processing file '/project/roysam/rwmills/proj/DEEP-TIMING/DT2-detector/Cell/protos/preprocessor_pb2.py'
 outputting to '/project/roysam/rwmills/proj/DEEP-TIMING_v2/DT2-detector/Cell/protos/preprocessor_pb2.py'
--------------------------------------------------------------------------------


--------------------------------------------------------------------------------

--------------------------------------------------------------------------------
Processing file '/project/roysam/rwmills/proj/DEEP-TIMING/DT2-detector/Cell/protos/bipartite_matcher_pb2.py'
 outputting to '/project/roysam/rwmills/proj/DEEP-TIMING_v2/DT2-detector/Cell/protos/bipartite_matcher_pb2.py'
--------------------------------------------------------------------------------


--------------------------------------------------------------------------------

--------------------------------------------------------------------------------
Processing file '/project/roysam/rwmills/proj/DEEP-TIMING/DT2-detector/Cell/protos/ssd_anchor_generator_pb2.py'
 outputting to '/project/roysam/rwmills/proj/DEEP-TIMING_v2/DT2-detector/Cell/protos/ssd_anchor_generator_pb2.py'
--------------------------------------------------------------------------------


--------------------------------------------------------------------------------

--------------------------------------------------------------------------------
Processing file '/project/roysam/rwmills/proj/DEEP-TIMING/DT2-detector/Cell/protos/box_coder_pb2.py'
 outputting to '/project/roysam/rwmills/proj/DEEP-TIMING_v2/DT2-detector/Cell/protos/box_coder_pb2.py'
--------------------------------------------------------------------------------


--------------------------------------------------------------------------------

--------------------------------------------------------------------------------
Processing file '/project/roysam/rwmills/proj/DEEP-TIMING/DT2-detector/Cell/protos/ssd_pb2.py'
 outputting to '/project/roysam/rwmills/proj/DEEP-TIMING_v2/DT2-detector/Cell/protos/ssd_pb2.py'
--------------------------------------------------------------------------------


--------------------------------------------------------------------------------

--------------------------------------------------------------------------------
Processing file '/project/roysam/rwmills/proj/DEEP-TIMING/DT2-detector/Cell/protos/box_predictor_pb2.py'
 outputting to '/project/roysam/rwmills/proj/DEEP-TIMING_v2/DT2-detector/Cell/protos/box_predictor_pb2.py'
--------------------------------------------------------------------------------


--------------------------------------------------------------------------------

--------------------------------------------------------------------------------
Processing file '/project/roysam/rwmills/proj/DEEP-TIMING/DT2-detector/Cell/protos/eval_pb2.py'
 outputting to '/project/roysam/rwmills/proj/DEEP-TIMING_v2/DT2-detector/Cell/protos/eval_pb2.py'
--------------------------------------------------------------------------------


--------------------------------------------------------------------------------

--------------------------------------------------------------------------------
Processing file '/project/roysam/rwmills/proj/DEEP-TIMING/DT2-detector/Cell/protos/string_int_label_map_pb2.py'
 outputting to '/project/roysam/rwmills/proj/DEEP-TIMING_v2/DT2-detector/Cell/protos/string_int_label_map_pb2.py'
--------------------------------------------------------------------------------


--------------------------------------------------------------------------------

--------------------------------------------------------------------------------
Processing file '/project/roysam/rwmills/proj/DEEP-TIMING/DT2-detector/Cell/protos/region_similarity_calculator_pb2.py'
 outputting to '/project/roysam/rwmills/proj/DEEP-TIMING_v2/DT2-detector/Cell/protos/region_similarity_calculator_pb2.py'
--------------------------------------------------------------------------------


--------------------------------------------------------------------------------

--------------------------------------------------------------------------------
Processing file '/project/roysam/rwmills/proj/DEEP-TIMING/DT2-detector/Cell/protos/faster_rcnn_box_coder_pb2.py'
 outputting to '/project/roysam/rwmills/proj/DEEP-TIMING_v2/DT2-detector/Cell/protos/faster_rcnn_box_coder_pb2.py'
--------------------------------------------------------------------------------


--------------------------------------------------------------------------------

--------------------------------------------------------------------------------
Processing file '/project/roysam/rwmills/proj/DEEP-TIMING/DT2-detector/Cell/protos/mean_stddev_box_coder_pb2.py'
 outputting to '/project/roysam/rwmills/proj/DEEP-TIMING_v2/DT2-detector/Cell/protos/mean_stddev_box_coder_pb2.py'
--------------------------------------------------------------------------------


--------------------------------------------------------------------------------

--------------------------------------------------------------------------------
Processing file '/project/roysam/rwmills/proj/DEEP-TIMING/DT2-detector/Cell/protos/faster_rcnn_pb2.py'
 outputting to '/project/roysam/rwmills/proj/DEEP-TIMING_v2/DT2-detector/Cell/protos/faster_rcnn_pb2.py'
--------------------------------------------------------------------------------


--------------------------------------------------------------------------------

--------------------------------------------------------------------------------
Processing file '/project/roysam/rwmills/proj/DEEP-TIMING/DT2-detector/Cell/protos/square_box_coder_pb2.py'
 outputting to '/project/roysam/rwmills/proj/DEEP-TIMING_v2/DT2-detector/Cell/protos/square_box_coder_pb2.py'
--------------------------------------------------------------------------------


--------------------------------------------------------------------------------

--------------------------------------------------------------------------------
Processing file '/project/roysam/rwmills/proj/DEEP-TIMING/DT2-detector/Cell/protos/grid_anchor_generator_pb2.py'
 outputting to '/project/roysam/rwmills/proj/DEEP-TIMING_v2/DT2-detector/Cell/protos/grid_anchor_generator_pb2.py'
--------------------------------------------------------------------------------


--------------------------------------------------------------------------------

--------------------------------------------------------------------------------
Processing file '/project/roysam/rwmills/proj/DEEP-TIMING/DT2-detector/Cell/protos/train_pb2.py'
 outputting to '/project/roysam/rwmills/proj/DEEP-TIMING_v2/DT2-detector/Cell/protos/train_pb2.py'
--------------------------------------------------------------------------------


--------------------------------------------------------------------------------

--------------------------------------------------------------------------------
Processing file '/project/roysam/rwmills/proj/DEEP-TIMING/DT2-detector/Cell/protos/hyperparams_pb2.py'
 outputting to '/project/roysam/rwmills/proj/DEEP-TIMING_v2/DT2-detector/Cell/protos/hyperparams_pb2.py'
--------------------------------------------------------------------------------


--------------------------------------------------------------------------------

--------------------------------------------------------------------------------
Processing file '/project/roysam/rwmills/proj/DEEP-TIMING/DT2-detector/Cell/protos/image_resizer_pb2.py'
 outputting to '/project/roysam/rwmills/proj/DEEP-TIMING_v2/DT2-detector/Cell/protos/image_resizer_pb2.py'
--------------------------------------------------------------------------------


--------------------------------------------------------------------------------

--------------------------------------------------------------------------------
Processing file '/project/roysam/rwmills/proj/DEEP-TIMING/DT2-detector/Cell/protos/input_reader_pb2.py'
 outputting to '/project/roysam/rwmills/proj/DEEP-TIMING_v2/DT2-detector/Cell/protos/input_reader_pb2.py'
--------------------------------------------------------------------------------


--------------------------------------------------------------------------------

--------------------------------------------------------------------------------
Processing file '/project/roysam/rwmills/proj/DEEP-TIMING/DT2-detector/Cell/protos/losses_pb2.py'
 outputting to '/project/roysam/rwmills/proj/DEEP-TIMING_v2/DT2-detector/Cell/protos/losses_pb2.py'
--------------------------------------------------------------------------------


--------------------------------------------------------------------------------

--------------------------------------------------------------------------------
Processing file '/project/roysam/rwmills/proj/DEEP-TIMING/DT2-detector/Cell/protos/matcher_pb2.py'
 outputting to '/project/roysam/rwmills/proj/DEEP-TIMING_v2/DT2-detector/Cell/protos/matcher_pb2.py'
--------------------------------------------------------------------------------


--------------------------------------------------------------------------------

--------------------------------------------------------------------------------
Processing file '/project/roysam/rwmills/proj/DEEP-TIMING/DT2-detector/Cell/protos/model_pb2.py'
 outputting to '/project/roysam/rwmills/proj/DEEP-TIMING_v2/DT2-detector/Cell/protos/model_pb2.py'
--------------------------------------------------------------------------------


--------------------------------------------------------------------------------

--------------------------------------------------------------------------------
Processing file '/project/roysam/rwmills/proj/DEEP-TIMING/DT2-detector/Cell/protos/optimizer_pb2.py'
 outputting to '/project/roysam/rwmills/proj/DEEP-TIMING_v2/DT2-detector/Cell/protos/optimizer_pb2.py'
--------------------------------------------------------------------------------


--------------------------------------------------------------------------------

--------------------------------------------------------------------------------
Processing file '/project/roysam/rwmills/proj/DEEP-TIMING/DT2-detector/Cell/utils/__init__.py'
 outputting to '/project/roysam/rwmills/proj/DEEP-TIMING_v2/DT2-detector/Cell/utils/__init__.py'
--------------------------------------------------------------------------------


--------------------------------------------------------------------------------

--------------------------------------------------------------------------------
Processing file '/project/roysam/rwmills/proj/DEEP-TIMING/DT2-detector/Cell/utils/category_util.py'
 outputting to '/project/roysam/rwmills/proj/DEEP-TIMING_v2/DT2-detector/Cell/utils/category_util.py'
--------------------------------------------------------------------------------

44:7: INFO: Renamed 'tf.gfile.Open' to 'tf.io.gfile.GFile'
69:7: INFO: Renamed 'tf.gfile.Open' to 'tf.io.gfile.GFile'
--------------------------------------------------------------------------------

--------------------------------------------------------------------------------
Processing file '/project/roysam/rwmills/proj/DEEP-TIMING/DT2-detector/Cell/utils/category_util_test.py'
 outputting to '/project/roysam/rwmills/proj/DEEP-TIMING_v2/DT2-detector/Cell/utils/category_util_test.py'
--------------------------------------------------------------------------------

33:9: INFO: Renamed 'tf.gfile.Open' to 'tf.io.gfile.GFile'
--------------------------------------------------------------------------------

--------------------------------------------------------------------------------
Processing file '/project/roysam/rwmills/proj/DEEP-TIMING/DT2-detector/Cell/utils/dataset_util.py'
 outputting to '/project/roysam/rwmills/proj/DEEP-TIMING_v2/DT2-detector/Cell/utils/dataset_util.py'
--------------------------------------------------------------------------------

58:7: INFO: Renamed 'tf.gfile.GFile' to 'tf.io.gfile.GFile'
--------------------------------------------------------------------------------

--------------------------------------------------------------------------------
Processing file '/project/roysam/rwmills/proj/DEEP-TIMING/DT2-detector/Cell/utils/dataset_util_test.py'
 outputting to '/project/roysam/rwmills/proj/DEEP-TIMING_v2/DT2-detector/Cell/utils/dataset_util_test.py'
--------------------------------------------------------------------------------

29:9: INFO: Renamed 'tf.gfile.Open' to 'tf.io.gfile.GFile'
--------------------------------------------------------------------------------

--------------------------------------------------------------------------------
Processing file '/project/roysam/rwmills/proj/DEEP-TIMING/DT2-detector/Cell/utils/label_map_util.py'
 outputting to '/project/roysam/rwmills/proj/DEEP-TIMING_v2/DT2-detector/Cell/utils/label_map_util.py'
--------------------------------------------------------------------------------

118:7: INFO: Renamed 'tf.gfile.GFile' to 'tf.io.gfile.GFile'
--------------------------------------------------------------------------------

--------------------------------------------------------------------------------
Processing file '/project/roysam/rwmills/proj/DEEP-TIMING/DT2-detector/Cell/utils/label_map_util_test.py'
 outputting to '/project/roysam/rwmills/proj/DEEP-TIMING_v2/DT2-detector/Cell/utils/label_map_util_test.py'
--------------------------------------------------------------------------------

49:9: INFO: Renamed 'tf.gfile.Open' to 'tf.io.gfile.GFile'
72:9: INFO: Renamed 'tf.gfile.Open' to 'tf.io.gfile.GFile'
--------------------------------------------------------------------------------

--------------------------------------------------------------------------------
Processing file '/project/roysam/rwmills/proj/DEEP-TIMING/DT2-detector/Cell/utils/learning_schedules.py'
 outputting to '/project/roysam/rwmills/proj/DEEP-TIMING_v2/DT2-detector/Cell/utils/learning_schedules.py'
--------------------------------------------------------------------------------

50:30: INFO: tf.train.exponential_decay requires manual check. To use learning rate decay schedules with TensorFlow 2.0, switch to the schedules in `tf.keras.optimizers.schedules`.

50:30: INFO: Renamed 'tf.train.exponential_decay' to 'tf.compat.v1.train.exponential_decay'
56:9: INFO: Added keywords to args of function 'tf.cond'
58:14: INFO: Added keywords to args of function 'tf.convert_to_tensor'
99:36: INFO: Renamed 'tf.where' to 'tf.compat.v1.where'
102:21: INFO: Added keywords to args of function 'tf.reduce_min'
--------------------------------------------------------------------------------

--------------------------------------------------------------------------------
Processing file '/project/roysam/rwmills/proj/DEEP-TIMING/DT2-detector/Cell/utils/learning_schedules_test.py'
 outputting to '/project/roysam/rwmills/proj/DEEP-TIMING_v2/DT2-detector/Cell/utils/learning_schedules_test.py'
--------------------------------------------------------------------------------

25:18: INFO: Renamed 'tf.placeholder' to 'tf.compat.v1.placeholder'
44:18: INFO: Renamed 'tf.placeholder' to 'tf.compat.v1.placeholder'
--------------------------------------------------------------------------------

--------------------------------------------------------------------------------
Processing file '/project/roysam/rwmills/proj/DEEP-TIMING/DT2-detector/Cell/utils/metrics.py'
 outputting to '/project/roysam/rwmills/proj/DEEP-TIMING_v2/DT2-detector/Cell/utils/metrics.py'
--------------------------------------------------------------------------------


--------------------------------------------------------------------------------

--------------------------------------------------------------------------------
Processing file '/project/roysam/rwmills/proj/DEEP-TIMING/DT2-detector/Cell/utils/metrics_test.py'
 outputting to '/project/roysam/rwmills/proj/DEEP-TIMING_v2/DT2-detector/Cell/utils/metrics_test.py'
--------------------------------------------------------------------------------


--------------------------------------------------------------------------------

--------------------------------------------------------------------------------
Processing file '/project/roysam/rwmills/proj/DEEP-TIMING/DT2-detector/Cell/utils/np_box_list.py'
 outputting to '/project/roysam/rwmills/proj/DEEP-TIMING_v2/DT2-detector/Cell/utils/np_box_list.py'
--------------------------------------------------------------------------------


--------------------------------------------------------------------------------

--------------------------------------------------------------------------------
Processing file '/project/roysam/rwmills/proj/DEEP-TIMING/DT2-detector/Cell/utils/np_box_list_ops.py'
 outputting to '/project/roysam/rwmills/proj/DEEP-TIMING_v2/DT2-detector/Cell/utils/np_box_list_ops.py'
--------------------------------------------------------------------------------


--------------------------------------------------------------------------------

--------------------------------------------------------------------------------
Processing file '/project/roysam/rwmills/proj/DEEP-TIMING/DT2-detector/Cell/utils/np_box_list_ops_test.py'
 outputting to '/project/roysam/rwmills/proj/DEEP-TIMING_v2/DT2-detector/Cell/utils/np_box_list_ops_test.py'
--------------------------------------------------------------------------------


--------------------------------------------------------------------------------

--------------------------------------------------------------------------------
Processing file '/project/roysam/rwmills/proj/DEEP-TIMING/DT2-detector/Cell/utils/np_box_list_test.py'
 outputting to '/project/roysam/rwmills/proj/DEEP-TIMING_v2/DT2-detector/Cell/utils/np_box_list_test.py'
--------------------------------------------------------------------------------


--------------------------------------------------------------------------------

--------------------------------------------------------------------------------
Processing file '/project/roysam/rwmills/proj/DEEP-TIMING/DT2-detector/Cell/utils/np_box_ops.py'
 outputting to '/project/roysam/rwmills/proj/DEEP-TIMING_v2/DT2-detector/Cell/utils/np_box_ops.py'
--------------------------------------------------------------------------------


--------------------------------------------------------------------------------

--------------------------------------------------------------------------------
Processing file '/project/roysam/rwmills/proj/DEEP-TIMING/DT2-detector/Cell/utils/np_box_ops_test.py'
 outputting to '/project/roysam/rwmills/proj/DEEP-TIMING_v2/DT2-detector/Cell/utils/np_box_ops_test.py'
--------------------------------------------------------------------------------


--------------------------------------------------------------------------------

--------------------------------------------------------------------------------
Processing file '/project/roysam/rwmills/proj/DEEP-TIMING/DT2-detector/Cell/utils/object_detection_evaluation.py'
 outputting to '/project/roysam/rwmills/proj/DEEP-TIMING_v2/DT2-detector/Cell/utils/object_detection_evaluation.py'
--------------------------------------------------------------------------------


--------------------------------------------------------------------------------

--------------------------------------------------------------------------------
Processing file '/project/roysam/rwmills/proj/DEEP-TIMING/DT2-detector/Cell/utils/object_detection_evaluation_test.py'
 outputting to '/project/roysam/rwmills/proj/DEEP-TIMING_v2/DT2-detector/Cell/utils/object_detection_evaluation_test.py'
--------------------------------------------------------------------------------


--------------------------------------------------------------------------------

--------------------------------------------------------------------------------
Processing file '/project/roysam/rwmills/proj/DEEP-TIMING/DT2-detector/Cell/utils/ops.py'
 outputting to '/project/roysam/rwmills/proj/DEEP-TIMING_v2/DT2-detector/Cell/utils/ops.py'
--------------------------------------------------------------------------------

41:7: INFO: `name` passed to `name_scope`. Because you may be re-entering an existing scope, it is not safe to convert automatically,  the v2 name_scope does not support re-entering scopes by name.

41:7: INFO: Renamed 'tf.name_scope' to 'tf.compat.v1.name_scope'
102:7: INFO: `name` passed to `name_scope`. Because you may be re-entering an existing scope, it is not safe to convert automatically,  the v2 name_scope does not support re-entering scopes by name.

102:7: INFO: Renamed 'tf.name_scope' to 'tf.compat.v1.name_scope'
103:8: INFO: Added keywords to args of function 'tf.convert_to_tensor'
104:8: INFO: Added keywords to args of function 'tf.convert_to_tensor'
105:33: INFO: Added keywords to args of function 'tf.shape'
106:33: INFO: Added keywords to args of function 'tf.shape'
141:17: INFO: Added keywords to args of function 'tf.shape'
144:20: INFO: Added keywords to args of function 'tf.shape'
145:27: INFO: Changed tf.to_int32 call to tf.cast(..., dtype=tf.int32).
146:8: INFO: Renamed 'tf.ceil' to 'tf.math.ceil'
146:16: INFO: Changed tf.to_float call to tf.cast(..., dtype=tf.float32).
146:45: INFO: Changed tf.to_float call to tf.cast(..., dtype=tf.float32).
152:19: INFO: Added keywords to args of function 'tf.shape'
153:26: INFO: Changed tf.to_int32 call to tf.cast(..., dtype=tf.int32).
154:8: INFO: Renamed 'tf.ceil' to 'tf.math.ceil'
154:16: INFO: Changed tf.to_float call to tf.cast(..., dtype=tf.float32).
154:44: INFO: Changed tf.to_float call to tf.cast(..., dtype=tf.float32).
160:19: INFO: Added keywords to args of function 'tf.shape'
213:11: INFO: Added keywords to args of function 'tf.pad'
214:11: INFO: Added keywords to args of function 'tf.cond'
214:30: INFO: Added keywords to args of function 'tf.size'
240:20: INFO: Added keywords to args of function 'tf.reduce_sum'
274:9: INFO: Changed tf.to_int32 call to tf.cast(..., dtype=tf.int32).
278:44: INFO: Changed tf.to_int32 call to tf.cast(..., dtype=tf.int32).
311:27: INFO: Added keywords to args of function 'tf.shape'
356:17: INFO: Renamed 'tf.where' to 'tf.compat.v1.where'
377:36: INFO: Added keywords to args of function 'tf.reduce_sum'
377:36: INFO: Renamed keyword argument for tf.reduce_sum from reduction_indices to axis
377:50: INFO: Changed tf.to_int32 call to tf.cast(..., dtype=tf.int32).
378:6: INFO: Renamed 'tf.is_nan' to 'tf.math.is_nan'
380:18: INFO: Renamed 'tf.where' to 'tf.compat.v1.where'
425:7: INFO: Renamed 'tf.variable_scope' to 'tf.compat.v1.variable_scope'
448:18: ERROR: Using member tf.contrib.framework.model_variable in deprecated module tf.contrib. tf.contrib.framework.model_variable cannot be converted automatically. tf.contrib will not be distributed with TensorFlow 2.0, please consider an alternative in non-contrib TensorFlow, a community-maintained repository such as tensorflow/addons, or fork the required code.
453:13: INFO: Added keywords to args of function 'tf.reduce_mean'
454:13: INFO: Renamed 'tf.Print' to 'tf.compat.v1.Print'
455:6: INFO: tf.summary.scalar requires manual check. The TF 1.x summary API cannot be automatically migrated to TF 2.0, so symbols have been converted to tf.compat.v1.summary.* and must be migrated manually. Typical usage will only require changes to the summary writing logic, not to individual calls like scalar(). For examples of the new summary API, see the Effective TF 2.0 migration document or check the TF 2.0 TensorBoard tutorials.
455:6: INFO: Renamed 'tf.summary.scalar' to 'tf.compat.v1.summary.scalar'
455:24: INFO: Renamed 'tf.get_variable_scope' to 'tf.compat.v1.get_variable_scope'
456:32: INFO: Added keywords to args of function 'tf.reduce_sum'
585:34: INFO: Added keywords to args of function 'tf.reduce_mean'
585:34: INFO: Renamed keyword argument for tf.reduce_mean from keep_dims to keepdims
591:21: INFO: Added keywords to args of function 'tf.space_to_depth'
591:21: INFO: Renamed 'tf.space_to_depth' to 'tf.compat.v1.space_to_depth'
598:34: INFO: Renamed keyword argument for tf.squeeze from squeeze_dims to axis
599:8: INFO: Renamed 'tf.batch_to_space_nd' to 'tf.batch_to_space'
606:36: INFO: Added keywords to args of function 'tf.depth_to_space'
606:36: INFO: Renamed 'tf.depth_to_space' to 'tf.compat.v1.depth_to_space'
642:14: INFO: Added keywords to args of function 'tf.shape'
646:16: INFO: Renamed keyword argument for tf.image.crop_and_resize from box_ind to box_indices
--------------------------------------------------------------------------------

--------------------------------------------------------------------------------
Processing file '/project/roysam/rwmills/proj/DEEP-TIMING/DT2-detector/Cell/utils/ops_test.py'
 outputting to '/project/roysam/rwmills/proj/DEEP-TIMING_v2/DT2-detector/Cell/utils/ops_test.py'
--------------------------------------------------------------------------------

27:23: INFO: Renamed 'tf.placeholder' to 'tf.compat.v1.placeholder'
30:18: INFO: Added keywords to args of function 'tf.convert_to_tensor'
192:33: INFO: Renamed 'tf.placeholder' to 'tf.compat.v1.placeholder'
195:34: INFO: Renamed 'tf.placeholder' to 'tf.compat.v1.placeholder'
219:33: INFO: Renamed 'tf.placeholder' to 'tf.compat.v1.placeholder'
221:34: INFO: Renamed 'tf.placeholder' to 'tf.compat.v1.placeholder'
268:21: INFO: Renamed 'tf.placeholder' to 'tf.compat.v1.placeholder'
271:44: INFO: Added keywords to args of function 'tf.shape'
351:18: INFO: Renamed 'tf.placeholder' to 'tf.compat.v1.placeholder'
352:18: INFO: Renamed 'tf.placeholder' to 'tf.compat.v1.placeholder'
353:20: INFO: Renamed 'tf.placeholder' to 'tf.compat.v1.placeholder'
354:21: INFO: Renamed 'tf.placeholder' to 'tf.compat.v1.placeholder'
355:17: INFO: Renamed 'tf.placeholder' to 'tf.compat.v1.placeholder'
356:22: INFO: Renamed 'tf.placeholder' to 'tf.compat.v1.placeholder'
357:24: INFO: Renamed 'tf.placeholder' to 'tf.compat.v1.placeholder'
358:20: INFO: Renamed 'tf.placeholder' to 'tf.compat.v1.placeholder'
416:18: INFO: Renamed 'tf.placeholder' to 'tf.compat.v1.placeholder'
417:20: INFO: Renamed 'tf.placeholder' to 'tf.compat.v1.placeholder'
422:20: INFO: Renamed 'tf.placeholder' to 'tf.compat.v1.placeholder'
448:18: INFO: Renamed 'tf.placeholder' to 'tf.compat.v1.placeholder'
449:20: INFO: Renamed 'tf.placeholder' to 'tf.compat.v1.placeholder'
450:21: INFO: Renamed 'tf.placeholder' to 'tf.compat.v1.placeholder'
451:17: INFO: Renamed 'tf.placeholder' to 'tf.compat.v1.placeholder'
452:22: INFO: Renamed 'tf.placeholder' to 'tf.compat.v1.placeholder'
453:20: INFO: Renamed 'tf.placeholder' to 'tf.compat.v1.placeholder'
499:18: INFO: Renamed 'tf.placeholder' to 'tf.compat.v1.placeholder'
500:20: INFO: Renamed 'tf.placeholder' to 'tf.compat.v1.placeholder'
501:21: INFO: Renamed 'tf.placeholder' to 'tf.compat.v1.placeholder'
502:17: INFO: Renamed 'tf.placeholder' to 'tf.compat.v1.placeholder'
503:22: INFO: Renamed 'tf.placeholder' to 'tf.compat.v1.placeholder'
504:20: INFO: Renamed 'tf.placeholder' to 'tf.compat.v1.placeholder'
540:18: INFO: Renamed 'tf.placeholder' to 'tf.compat.v1.placeholder'
541:18: INFO: Renamed 'tf.placeholder' to 'tf.compat.v1.placeholder'
542:20: INFO: Renamed 'tf.placeholder' to 'tf.compat.v1.placeholder'
543:21: INFO: Renamed 'tf.placeholder' to 'tf.compat.v1.placeholder'
544:17: INFO: Renamed 'tf.placeholder' to 'tf.compat.v1.placeholder'
545:22: INFO: Renamed 'tf.placeholder' to 'tf.compat.v1.placeholder'
546:24: INFO: Renamed 'tf.placeholder' to 'tf.compat.v1.placeholder'
547:20: INFO: Renamed 'tf.placeholder' to 'tf.compat.v1.placeholder'
645:13: INFO: Renamed 'tf.random_uniform' to 'tf.random.uniform'
651:17: ERROR: Using member tf.contrib.framework.get_variables in deprecated module tf.contrib. tf.contrib.framework.get_variables cannot be converted automatically. tf.contrib will not be distributed with TensorFlow 2.0, please consider an alternative in non-contrib TensorFlow, a community-maintained repository such as tensorflow/addons, or fork the required code.
655:13: INFO: Renamed 'tf.random_uniform' to 'tf.random.uniform'
664:13: INFO: Renamed 'tf.random_uniform' to 'tf.random.uniform'
672:13: INFO: Renamed 'tf.random_uniform' to 'tf.random.uniform'
690:15: INFO: Renamed 'tf.global_variables_initializer' to 'tf.compat.v1.global_variables_initializer'
704:15: INFO: Renamed 'tf.global_variables_initializer' to 'tf.compat.v1.global_variables_initializer'
718:12: INFO: Renamed 'tf.random_uniform' to 'tf.random.uniform'
742:12: INFO: Renamed 'tf.random_uniform' to 'tf.random.uniform'
748:20: INFO: Added keywords to args of function 'tf.reduce_mean'
748:20: INFO: Renamed keyword argument for tf.reduce_mean from keep_dims to keepdims
767:12: INFO: Renamed 'tf.random_uniform' to 'tf.random.uniform'
768:12: INFO: Renamed 'tf.random_uniform' to 'tf.random.uniform'
774:20: INFO: Added keywords to args of function 'tf.reduce_mean'
774:20: INFO: Renamed keyword argument for tf.reduce_mean from keep_dims to keepdims
832:12: INFO: Renamed 'tf.random_uniform' to 'tf.random.uniform'
905:12: INFO: Renamed 'tf.random_uniform' to 'tf.random.uniform'
906:12: INFO: Renamed 'tf.random_uniform' to 'tf.random.uniform'
928:12: INFO: Renamed 'tf.random_uniform' to 'tf.random.uniform'
961:25: INFO: Added keywords to args of function 'tf.reduce_mean'
961:25: INFO: Renamed keyword argument for tf.reduce_mean from reduction_indices to axis
961:25: INFO: Renamed keyword argument for tf.reduce_mean from keep_dims to keepdims
--------------------------------------------------------------------------------

--------------------------------------------------------------------------------
Processing file '/project/roysam/rwmills/proj/DEEP-TIMING/DT2-detector/Cell/utils/per_image_evaluation.py'
 outputting to '/project/roysam/rwmills/proj/DEEP-TIMING_v2/DT2-detector/Cell/utils/per_image_evaluation.py'
--------------------------------------------------------------------------------


--------------------------------------------------------------------------------

--------------------------------------------------------------------------------
Processing file '/project/roysam/rwmills/proj/DEEP-TIMING/DT2-detector/Cell/utils/per_image_evaluation_test.py'
 outputting to '/project/roysam/rwmills/proj/DEEP-TIMING_v2/DT2-detector/Cell/utils/per_image_evaluation_test.py'
--------------------------------------------------------------------------------


--------------------------------------------------------------------------------

--------------------------------------------------------------------------------
Processing file '/project/roysam/rwmills/proj/DEEP-TIMING/DT2-detector/Cell/utils/shape_utils.py'
 outputting to '/project/roysam/rwmills/proj/DEEP-TIMING_v2/DT2-detector/Cell/utils/shape_utils.py'
--------------------------------------------------------------------------------

63:12: INFO: Added keywords to args of function 'tf.shape'
66:14: INFO: Added keywords to args of function 'tf.cond'
107:16: INFO: Added keywords to args of function 'tf.cond'
108:17: INFO: Added keywords to args of function 'tf.shape'
129:18: INFO: Added keywords to args of function 'tf.shape'
--------------------------------------------------------------------------------

--------------------------------------------------------------------------------
Processing file '/project/roysam/rwmills/proj/DEEP-TIMING/DT2-detector/Cell/utils/shape_utils_test.py'
 outputting to '/project/roysam/rwmills/proj/DEEP-TIMING_v2/DT2-detector/Cell/utils/shape_utils_test.py'
--------------------------------------------------------------------------------

119:13: INFO: Renamed 'tf.placeholder' to 'tf.compat.v1.placeholder'
122:20: INFO: Renamed 'tf.contrib.framework.is_tensor' to 'tf.is_tensor'
--------------------------------------------------------------------------------

--------------------------------------------------------------------------------
Processing file '/project/roysam/rwmills/proj/DEEP-TIMING/DT2-detector/Cell/utils/static_shape.py'
 outputting to '/project/roysam/rwmills/proj/DEEP-TIMING_v2/DT2-detector/Cell/utils/static_shape.py'
--------------------------------------------------------------------------------


--------------------------------------------------------------------------------

--------------------------------------------------------------------------------
Processing file '/project/roysam/rwmills/proj/DEEP-TIMING/DT2-detector/Cell/utils/static_shape_test.py'
 outputting to '/project/roysam/rwmills/proj/DEEP-TIMING_v2/DT2-detector/Cell/utils/static_shape_test.py'
--------------------------------------------------------------------------------


--------------------------------------------------------------------------------

--------------------------------------------------------------------------------
Processing file '/project/roysam/rwmills/proj/DEEP-TIMING/DT2-detector/Cell/utils/test_utils.py'
 outputting to '/project/roysam/rwmills/proj/DEEP-TIMING_v2/DT2-detector/Cell/utils/test_utils.py'
--------------------------------------------------------------------------------

54:11: INFO: Added keywords to args of function 'tf.reduce_sum'
--------------------------------------------------------------------------------

--------------------------------------------------------------------------------
Processing file '/project/roysam/rwmills/proj/DEEP-TIMING/DT2-detector/Cell/utils/test_utils_test.py'
 outputting to '/project/roysam/rwmills/proj/DEEP-TIMING_v2/DT2-detector/Cell/utils/test_utils_test.py'
--------------------------------------------------------------------------------


--------------------------------------------------------------------------------

--------------------------------------------------------------------------------
Processing file '/project/roysam/rwmills/proj/DEEP-TIMING/DT2-detector/Cell/utils/variables_helper.py'
 outputting to '/project/roysam/rwmills/proj/DEEP-TIMING_v2/DT2-detector/Cell/utils/variables_helper.py'
--------------------------------------------------------------------------------

23:7: ERROR: Using member tf.contrib.slim in deprecated module tf.contrib. tf.contrib.slim cannot be converted automatically. tf.contrib will not be distributed with TensorFlow 2.0, please consider an alternative in non-contrib TensorFlow, a community-maintained repository such as tensorflow/addons, or fork the required code.
122:16: INFO: Renamed 'tf.train.NewCheckpointReader' to 'tf.compat.v1.train.NewCheckpointReader'
--------------------------------------------------------------------------------

--------------------------------------------------------------------------------
Processing file '/project/roysam/rwmills/proj/DEEP-TIMING/DT2-detector/Cell/utils/variables_helper_test.py'
 outputting to '/project/roysam/rwmills/proj/DEEP-TIMING_v2/DT2-detector/Cell/utils/variables_helper_test.py'
--------------------------------------------------------------------------------

84:14: INFO: Renamed 'tf.global_variables_initializer' to 'tf.compat.v1.global_variables_initializer'
97:14: INFO: Renamed 'tf.global_variables_initializer' to 'tf.compat.v1.global_variables_initializer'
122:14: INFO: Renamed 'tf.global_variables_initializer' to 'tf.compat.v1.global_variables_initializer'
137:14: INFO: Renamed 'tf.global_variables_initializer' to 'tf.compat.v1.global_variables_initializer'
138:12: INFO: Renamed 'tf.train.Saver' to 'tf.compat.v1.train.Saver'
141:6: WARNING: *.save requires manual check. (This warning is only applicable if the code saves a tf.Keras model) Keras model.save now saves to the Tensorflow SavedModel format by default, instead of HDF5. To continue saving to HDF5, add the argument save_format='h5' to the save() function.
151:14: INFO: Renamed 'tf.global_variables_initializer' to 'tf.compat.v1.global_variables_initializer'
152:12: INFO: Renamed 'tf.train.Saver' to 'tf.compat.v1.train.Saver'
155:6: WARNING: *.save requires manual check. (This warning is only applicable if the code saves a tf.Keras model) Keras model.save now saves to the Tensorflow SavedModel format by default, instead of HDF5. To continue saving to HDF5, add the argument save_format='h5' to the save() function.
167:14: INFO: Renamed 'tf.global_variables_initializer' to 'tf.compat.v1.global_variables_initializer'
168:12: INFO: Renamed 'tf.train.Saver' to 'tf.compat.v1.train.Saver'
171:6: WARNING: *.save requires manual check. (This warning is only applicable if the code saves a tf.Keras model) Keras model.save now saves to the Tensorflow SavedModel format by default, instead of HDF5. To continue saving to HDF5, add the argument save_format='h5' to the save() function.
--------------------------------------------------------------------------------

--------------------------------------------------------------------------------
Processing file '/project/roysam/rwmills/proj/DEEP-TIMING/DT2-detector/Cell/utils/visualization_utils.py'
 outputting to '/project/roysam/rwmills/proj/DEEP-TIMING_v2/DT2-detector/Cell/utils/visualization_utils.py'
--------------------------------------------------------------------------------

69:7: INFO: Renamed 'tf.gfile.Open' to 'tf.io.gfile.GFile'
70:4: WARNING: *.save requires manual check. (This warning is only applicable if the code saves a tf.Keras model) Keras model.save now saves to the Tensorflow SavedModel format by default, instead of HDF5. To continue saving to HDF5, add the argument save_format='h5' to the save() function.
84:2: WARNING: *.save requires manual check. (This warning is only applicable if the code saves a tf.Keras model) Keras model.save now saves to the Tensorflow SavedModel format by default, instead of HDF5. To continue saving to HDF5, add the argument save_format='h5' to the save() function.
--------------------------------------------------------------------------------

--------------------------------------------------------------------------------
Processing file '/project/roysam/rwmills/proj/DEEP-TIMING/DT2-detector/Cell/utils/visualization_utils_test.py'
 outputting to '/project/roysam/rwmills/proj/DEEP-TIMING_v2/DT2-detector/Cell/utils/visualization_utils_test.py'
--------------------------------------------------------------------------------


--------------------------------------------------------------------------------

--------------------------------------------------------------------------------
Processing file '/project/roysam/rwmills/proj/DEEP-TIMING/DT2-detector/Well/generate_CH0_Sample.py'
 outputting to '/project/roysam/rwmills/proj/DEEP-TIMING_v2/DT2-detector/Well/generate_CH0_Sample.py'
--------------------------------------------------------------------------------


--------------------------------------------------------------------------------

--------------------------------------------------------------------------------
Processing file '/project/roysam/rwmills/proj/DEEP-TIMING/DT2-detector/Well/nanowell_cropper.py'
 outputting to '/project/roysam/rwmills/proj/DEEP-TIMING_v2/DT2-detector/Well/nanowell_cropper.py'
--------------------------------------------------------------------------------


--------------------------------------------------------------------------------

--------------------------------------------------------------------------------
Processing file '/project/roysam/rwmills/proj/DEEP-TIMING/DT2-detector/Well/faster-rcnn/nanowell_detector.py'
 outputting to '/project/roysam/rwmills/proj/DEEP-TIMING_v2/DT2-detector/Well/faster-rcnn/nanowell_detector.py'
--------------------------------------------------------------------------------

46:23: INFO: Renamed 'tf.GraphDef' to 'tf.compat.v1.GraphDef'
47:13: INFO: Renamed 'tf.gfile.GFile' to 'tf.io.gfile.GFile'
59:13: INFO: Renamed 'tf.Session' to 'tf.compat.v1.Session'
--------------------------------------------------------------------------------

--------------------------------------------------------------------------------
Processing file '/project/roysam/rwmills/proj/DEEP-TIMING/DT2-detector/Well/faster-rcnn/protos/__init__.py'
 outputting to '/project/roysam/rwmills/proj/DEEP-TIMING_v2/DT2-detector/Well/faster-rcnn/protos/__init__.py'
--------------------------------------------------------------------------------


--------------------------------------------------------------------------------

--------------------------------------------------------------------------------
Processing file '/project/roysam/rwmills/proj/DEEP-TIMING/DT2-detector/Well/faster-rcnn/protos/pipeline_pb2.py'
 outputting to '/project/roysam/rwmills/proj/DEEP-TIMING_v2/DT2-detector/Well/faster-rcnn/protos/pipeline_pb2.py'
--------------------------------------------------------------------------------


--------------------------------------------------------------------------------

--------------------------------------------------------------------------------
Processing file '/project/roysam/rwmills/proj/DEEP-TIMING/DT2-detector/Well/faster-rcnn/protos/anchor_generator_pb2.py'
 outputting to '/project/roysam/rwmills/proj/DEEP-TIMING_v2/DT2-detector/Well/faster-rcnn/protos/anchor_generator_pb2.py'
--------------------------------------------------------------------------------


--------------------------------------------------------------------------------

--------------------------------------------------------------------------------
Processing file '/project/roysam/rwmills/proj/DEEP-TIMING/DT2-detector/Well/faster-rcnn/protos/post_processing_pb2.py'
 outputting to '/project/roysam/rwmills/proj/DEEP-TIMING_v2/DT2-detector/Well/faster-rcnn/protos/post_processing_pb2.py'
--------------------------------------------------------------------------------


--------------------------------------------------------------------------------

--------------------------------------------------------------------------------
Processing file '/project/roysam/rwmills/proj/DEEP-TIMING/DT2-detector/Well/faster-rcnn/protos/argmax_matcher_pb2.py'
 outputting to '/project/roysam/rwmills/proj/DEEP-TIMING_v2/DT2-detector/Well/faster-rcnn/protos/argmax_matcher_pb2.py'
--------------------------------------------------------------------------------


--------------------------------------------------------------------------------

--------------------------------------------------------------------------------
Processing file '/project/roysam/rwmills/proj/DEEP-TIMING/DT2-detector/Well/faster-rcnn/protos/preprocessor_pb2.py'
 outputting to '/project/roysam/rwmills/proj/DEEP-TIMING_v2/DT2-detector/Well/faster-rcnn/protos/preprocessor_pb2.py'
--------------------------------------------------------------------------------


--------------------------------------------------------------------------------

--------------------------------------------------------------------------------
Processing file '/project/roysam/rwmills/proj/DEEP-TIMING/DT2-detector/Well/faster-rcnn/protos/bipartite_matcher_pb2.py'
 outputting to '/project/roysam/rwmills/proj/DEEP-TIMING_v2/DT2-detector/Well/faster-rcnn/protos/bipartite_matcher_pb2.py'
--------------------------------------------------------------------------------


--------------------------------------------------------------------------------

--------------------------------------------------------------------------------
Processing file '/project/roysam/rwmills/proj/DEEP-TIMING/DT2-detector/Well/faster-rcnn/protos/ssd_anchor_generator_pb2.py'
 outputting to '/project/roysam/rwmills/proj/DEEP-TIMING_v2/DT2-detector/Well/faster-rcnn/protos/ssd_anchor_generator_pb2.py'
--------------------------------------------------------------------------------


--------------------------------------------------------------------------------

--------------------------------------------------------------------------------
Processing file '/project/roysam/rwmills/proj/DEEP-TIMING/DT2-detector/Well/faster-rcnn/protos/box_coder_pb2.py'
 outputting to '/project/roysam/rwmills/proj/DEEP-TIMING_v2/DT2-detector/Well/faster-rcnn/protos/box_coder_pb2.py'
--------------------------------------------------------------------------------


--------------------------------------------------------------------------------

--------------------------------------------------------------------------------
Processing file '/project/roysam/rwmills/proj/DEEP-TIMING/DT2-detector/Well/faster-rcnn/protos/ssd_pb2.py'
 outputting to '/project/roysam/rwmills/proj/DEEP-TIMING_v2/DT2-detector/Well/faster-rcnn/protos/ssd_pb2.py'
--------------------------------------------------------------------------------


--------------------------------------------------------------------------------

--------------------------------------------------------------------------------
Processing file '/project/roysam/rwmills/proj/DEEP-TIMING/DT2-detector/Well/faster-rcnn/protos/box_predictor_pb2.py'
 outputting to '/project/roysam/rwmills/proj/DEEP-TIMING_v2/DT2-detector/Well/faster-rcnn/protos/box_predictor_pb2.py'
--------------------------------------------------------------------------------


--------------------------------------------------------------------------------

--------------------------------------------------------------------------------
Processing file '/project/roysam/rwmills/proj/DEEP-TIMING/DT2-detector/Well/faster-rcnn/protos/eval_pb2.py'
 outputting to '/project/roysam/rwmills/proj/DEEP-TIMING_v2/DT2-detector/Well/faster-rcnn/protos/eval_pb2.py'
--------------------------------------------------------------------------------


--------------------------------------------------------------------------------

--------------------------------------------------------------------------------
Processing file '/project/roysam/rwmills/proj/DEEP-TIMING/DT2-detector/Well/faster-rcnn/protos/string_int_label_map_pb2.py'
 outputting to '/project/roysam/rwmills/proj/DEEP-TIMING_v2/DT2-detector/Well/faster-rcnn/protos/string_int_label_map_pb2.py'
--------------------------------------------------------------------------------


--------------------------------------------------------------------------------

--------------------------------------------------------------------------------
Processing file '/project/roysam/rwmills/proj/DEEP-TIMING/DT2-detector/Well/faster-rcnn/protos/region_similarity_calculator_pb2.py'
 outputting to '/project/roysam/rwmills/proj/DEEP-TIMING_v2/DT2-detector/Well/faster-rcnn/protos/region_similarity_calculator_pb2.py'
--------------------------------------------------------------------------------


--------------------------------------------------------------------------------

--------------------------------------------------------------------------------
Processing file '/project/roysam/rwmills/proj/DEEP-TIMING/DT2-detector/Well/faster-rcnn/protos/faster_rcnn_box_coder_pb2.py'
 outputting to '/project/roysam/rwmills/proj/DEEP-TIMING_v2/DT2-detector/Well/faster-rcnn/protos/faster_rcnn_box_coder_pb2.py'
--------------------------------------------------------------------------------


--------------------------------------------------------------------------------

--------------------------------------------------------------------------------
Processing file '/project/roysam/rwmills/proj/DEEP-TIMING/DT2-detector/Well/faster-rcnn/protos/mean_stddev_box_coder_pb2.py'
 outputting to '/project/roysam/rwmills/proj/DEEP-TIMING_v2/DT2-detector/Well/faster-rcnn/protos/mean_stddev_box_coder_pb2.py'
--------------------------------------------------------------------------------


--------------------------------------------------------------------------------

--------------------------------------------------------------------------------
Processing file '/project/roysam/rwmills/proj/DEEP-TIMING/DT2-detector/Well/faster-rcnn/protos/faster_rcnn_pb2.py'
 outputting to '/project/roysam/rwmills/proj/DEEP-TIMING_v2/DT2-detector/Well/faster-rcnn/protos/faster_rcnn_pb2.py'
--------------------------------------------------------------------------------


--------------------------------------------------------------------------------

--------------------------------------------------------------------------------
Processing file '/project/roysam/rwmills/proj/DEEP-TIMING/DT2-detector/Well/faster-rcnn/protos/square_box_coder_pb2.py'
 outputting to '/project/roysam/rwmills/proj/DEEP-TIMING_v2/DT2-detector/Well/faster-rcnn/protos/square_box_coder_pb2.py'
--------------------------------------------------------------------------------


--------------------------------------------------------------------------------

--------------------------------------------------------------------------------
Processing file '/project/roysam/rwmills/proj/DEEP-TIMING/DT2-detector/Well/faster-rcnn/protos/grid_anchor_generator_pb2.py'
 outputting to '/project/roysam/rwmills/proj/DEEP-TIMING_v2/DT2-detector/Well/faster-rcnn/protos/grid_anchor_generator_pb2.py'
--------------------------------------------------------------------------------


--------------------------------------------------------------------------------

--------------------------------------------------------------------------------
Processing file '/project/roysam/rwmills/proj/DEEP-TIMING/DT2-detector/Well/faster-rcnn/protos/train_pb2.py'
 outputting to '/project/roysam/rwmills/proj/DEEP-TIMING_v2/DT2-detector/Well/faster-rcnn/protos/train_pb2.py'
--------------------------------------------------------------------------------


--------------------------------------------------------------------------------

--------------------------------------------------------------------------------
Processing file '/project/roysam/rwmills/proj/DEEP-TIMING/DT2-detector/Well/faster-rcnn/protos/hyperparams_pb2.py'
 outputting to '/project/roysam/rwmills/proj/DEEP-TIMING_v2/DT2-detector/Well/faster-rcnn/protos/hyperparams_pb2.py'
--------------------------------------------------------------------------------


--------------------------------------------------------------------------------

--------------------------------------------------------------------------------
Processing file '/project/roysam/rwmills/proj/DEEP-TIMING/DT2-detector/Well/faster-rcnn/protos/image_resizer_pb2.py'
 outputting to '/project/roysam/rwmills/proj/DEEP-TIMING_v2/DT2-detector/Well/faster-rcnn/protos/image_resizer_pb2.py'
--------------------------------------------------------------------------------


--------------------------------------------------------------------------------

--------------------------------------------------------------------------------
Processing file '/project/roysam/rwmills/proj/DEEP-TIMING/DT2-detector/Well/faster-rcnn/protos/input_reader_pb2.py'
 outputting to '/project/roysam/rwmills/proj/DEEP-TIMING_v2/DT2-detector/Well/faster-rcnn/protos/input_reader_pb2.py'
--------------------------------------------------------------------------------


--------------------------------------------------------------------------------

--------------------------------------------------------------------------------
Processing file '/project/roysam/rwmills/proj/DEEP-TIMING/DT2-detector/Well/faster-rcnn/protos/losses_pb2.py'
 outputting to '/project/roysam/rwmills/proj/DEEP-TIMING_v2/DT2-detector/Well/faster-rcnn/protos/losses_pb2.py'
--------------------------------------------------------------------------------


--------------------------------------------------------------------------------

--------------------------------------------------------------------------------
Processing file '/project/roysam/rwmills/proj/DEEP-TIMING/DT2-detector/Well/faster-rcnn/protos/matcher_pb2.py'
 outputting to '/project/roysam/rwmills/proj/DEEP-TIMING_v2/DT2-detector/Well/faster-rcnn/protos/matcher_pb2.py'
--------------------------------------------------------------------------------


--------------------------------------------------------------------------------

--------------------------------------------------------------------------------
Processing file '/project/roysam/rwmills/proj/DEEP-TIMING/DT2-detector/Well/faster-rcnn/protos/model_pb2.py'
 outputting to '/project/roysam/rwmills/proj/DEEP-TIMING_v2/DT2-detector/Well/faster-rcnn/protos/model_pb2.py'
--------------------------------------------------------------------------------


--------------------------------------------------------------------------------

--------------------------------------------------------------------------------
Processing file '/project/roysam/rwmills/proj/DEEP-TIMING/DT2-detector/Well/faster-rcnn/protos/optimizer_pb2.py'
 outputting to '/project/roysam/rwmills/proj/DEEP-TIMING_v2/DT2-detector/Well/faster-rcnn/protos/optimizer_pb2.py'
--------------------------------------------------------------------------------


--------------------------------------------------------------------------------

--------------------------------------------------------------------------------
Processing file '/project/roysam/rwmills/proj/DEEP-TIMING/DT2-detector/Well/faster-rcnn/utils/__init__.py'
 outputting to '/project/roysam/rwmills/proj/DEEP-TIMING_v2/DT2-detector/Well/faster-rcnn/utils/__init__.py'
--------------------------------------------------------------------------------


--------------------------------------------------------------------------------

--------------------------------------------------------------------------------
Processing file '/project/roysam/rwmills/proj/DEEP-TIMING/DT2-detector/Well/faster-rcnn/utils/category_util.py'
 outputting to '/project/roysam/rwmills/proj/DEEP-TIMING_v2/DT2-detector/Well/faster-rcnn/utils/category_util.py'
--------------------------------------------------------------------------------

44:7: INFO: Renamed 'tf.gfile.Open' to 'tf.io.gfile.GFile'
69:7: INFO: Renamed 'tf.gfile.Open' to 'tf.io.gfile.GFile'
--------------------------------------------------------------------------------

--------------------------------------------------------------------------------
Processing file '/project/roysam/rwmills/proj/DEEP-TIMING/DT2-detector/Well/faster-rcnn/utils/category_util_test.py'
 outputting to '/project/roysam/rwmills/proj/DEEP-TIMING_v2/DT2-detector/Well/faster-rcnn/utils/category_util_test.py'
--------------------------------------------------------------------------------

33:9: INFO: Renamed 'tf.gfile.Open' to 'tf.io.gfile.GFile'
--------------------------------------------------------------------------------

--------------------------------------------------------------------------------
Processing file '/project/roysam/rwmills/proj/DEEP-TIMING/DT2-detector/Well/faster-rcnn/utils/dataset_util.py'
 outputting to '/project/roysam/rwmills/proj/DEEP-TIMING_v2/DT2-detector/Well/faster-rcnn/utils/dataset_util.py'
--------------------------------------------------------------------------------

58:7: INFO: Renamed 'tf.gfile.GFile' to 'tf.io.gfile.GFile'
--------------------------------------------------------------------------------

--------------------------------------------------------------------------------
Processing file '/project/roysam/rwmills/proj/DEEP-TIMING/DT2-detector/Well/faster-rcnn/utils/dataset_util_test.py'
 outputting to '/project/roysam/rwmills/proj/DEEP-TIMING_v2/DT2-detector/Well/faster-rcnn/utils/dataset_util_test.py'
--------------------------------------------------------------------------------

29:9: INFO: Renamed 'tf.gfile.Open' to 'tf.io.gfile.GFile'
--------------------------------------------------------------------------------

--------------------------------------------------------------------------------
Processing file '/project/roysam/rwmills/proj/DEEP-TIMING/DT2-detector/Well/faster-rcnn/utils/label_map_util.py'
 outputting to '/project/roysam/rwmills/proj/DEEP-TIMING_v2/DT2-detector/Well/faster-rcnn/utils/label_map_util.py'
--------------------------------------------------------------------------------

118:7: INFO: Renamed 'tf.gfile.GFile' to 'tf.io.gfile.GFile'
--------------------------------------------------------------------------------

--------------------------------------------------------------------------------
Processing file '/project/roysam/rwmills/proj/DEEP-TIMING/DT2-detector/Well/faster-rcnn/utils/label_map_util_test.py'
 outputting to '/project/roysam/rwmills/proj/DEEP-TIMING_v2/DT2-detector/Well/faster-rcnn/utils/label_map_util_test.py'
--------------------------------------------------------------------------------

49:9: INFO: Renamed 'tf.gfile.Open' to 'tf.io.gfile.GFile'
72:9: INFO: Renamed 'tf.gfile.Open' to 'tf.io.gfile.GFile'
--------------------------------------------------------------------------------

--------------------------------------------------------------------------------
Processing file '/project/roysam/rwmills/proj/DEEP-TIMING/DT2-detector/Well/faster-rcnn/utils/learning_schedules.py'
 outputting to '/project/roysam/rwmills/proj/DEEP-TIMING_v2/DT2-detector/Well/faster-rcnn/utils/learning_schedules.py'
--------------------------------------------------------------------------------

50:30: INFO: tf.train.exponential_decay requires manual check. To use learning rate decay schedules with TensorFlow 2.0, switch to the schedules in `tf.keras.optimizers.schedules`.

50:30: INFO: Renamed 'tf.train.exponential_decay' to 'tf.compat.v1.train.exponential_decay'
56:9: INFO: Added keywords to args of function 'tf.cond'
58:14: INFO: Added keywords to args of function 'tf.convert_to_tensor'
99:36: INFO: Renamed 'tf.where' to 'tf.compat.v1.where'
102:21: INFO: Added keywords to args of function 'tf.reduce_min'
--------------------------------------------------------------------------------

--------------------------------------------------------------------------------
Processing file '/project/roysam/rwmills/proj/DEEP-TIMING/DT2-detector/Well/faster-rcnn/utils/learning_schedules_test.py'
 outputting to '/project/roysam/rwmills/proj/DEEP-TIMING_v2/DT2-detector/Well/faster-rcnn/utils/learning_schedules_test.py'
--------------------------------------------------------------------------------

25:18: INFO: Renamed 'tf.placeholder' to 'tf.compat.v1.placeholder'
44:18: INFO: Renamed 'tf.placeholder' to 'tf.compat.v1.placeholder'
--------------------------------------------------------------------------------

--------------------------------------------------------------------------------
Processing file '/project/roysam/rwmills/proj/DEEP-TIMING/DT2-detector/Well/faster-rcnn/utils/metrics.py'
 outputting to '/project/roysam/rwmills/proj/DEEP-TIMING_v2/DT2-detector/Well/faster-rcnn/utils/metrics.py'
--------------------------------------------------------------------------------


--------------------------------------------------------------------------------

--------------------------------------------------------------------------------
Processing file '/project/roysam/rwmills/proj/DEEP-TIMING/DT2-detector/Well/faster-rcnn/utils/metrics_test.py'
 outputting to '/project/roysam/rwmills/proj/DEEP-TIMING_v2/DT2-detector/Well/faster-rcnn/utils/metrics_test.py'
--------------------------------------------------------------------------------


--------------------------------------------------------------------------------

--------------------------------------------------------------------------------
Processing file '/project/roysam/rwmills/proj/DEEP-TIMING/DT2-detector/Well/faster-rcnn/utils/np_box_list.py'
 outputting to '/project/roysam/rwmills/proj/DEEP-TIMING_v2/DT2-detector/Well/faster-rcnn/utils/np_box_list.py'
--------------------------------------------------------------------------------


--------------------------------------------------------------------------------

--------------------------------------------------------------------------------
Processing file '/project/roysam/rwmills/proj/DEEP-TIMING/DT2-detector/Well/faster-rcnn/utils/np_box_list_ops.py'
 outputting to '/project/roysam/rwmills/proj/DEEP-TIMING_v2/DT2-detector/Well/faster-rcnn/utils/np_box_list_ops.py'
--------------------------------------------------------------------------------


--------------------------------------------------------------------------------

--------------------------------------------------------------------------------
Processing file '/project/roysam/rwmills/proj/DEEP-TIMING/DT2-detector/Well/faster-rcnn/utils/np_box_list_ops_test.py'
 outputting to '/project/roysam/rwmills/proj/DEEP-TIMING_v2/DT2-detector/Well/faster-rcnn/utils/np_box_list_ops_test.py'
--------------------------------------------------------------------------------


--------------------------------------------------------------------------------

--------------------------------------------------------------------------------
Processing file '/project/roysam/rwmills/proj/DEEP-TIMING/DT2-detector/Well/faster-rcnn/utils/np_box_list_test.py'
 outputting to '/project/roysam/rwmills/proj/DEEP-TIMING_v2/DT2-detector/Well/faster-rcnn/utils/np_box_list_test.py'
--------------------------------------------------------------------------------


--------------------------------------------------------------------------------

--------------------------------------------------------------------------------
Processing file '/project/roysam/rwmills/proj/DEEP-TIMING/DT2-detector/Well/faster-rcnn/utils/np_box_ops.py'
 outputting to '/project/roysam/rwmills/proj/DEEP-TIMING_v2/DT2-detector/Well/faster-rcnn/utils/np_box_ops.py'
--------------------------------------------------------------------------------


--------------------------------------------------------------------------------

--------------------------------------------------------------------------------
Processing file '/project/roysam/rwmills/proj/DEEP-TIMING/DT2-detector/Well/faster-rcnn/utils/np_box_ops_test.py'
 outputting to '/project/roysam/rwmills/proj/DEEP-TIMING_v2/DT2-detector/Well/faster-rcnn/utils/np_box_ops_test.py'
--------------------------------------------------------------------------------


--------------------------------------------------------------------------------

--------------------------------------------------------------------------------
Processing file '/project/roysam/rwmills/proj/DEEP-TIMING/DT2-detector/Well/faster-rcnn/utils/object_detection_evaluation.py'
 outputting to '/project/roysam/rwmills/proj/DEEP-TIMING_v2/DT2-detector/Well/faster-rcnn/utils/object_detection_evaluation.py'
--------------------------------------------------------------------------------


--------------------------------------------------------------------------------

--------------------------------------------------------------------------------
Processing file '/project/roysam/rwmills/proj/DEEP-TIMING/DT2-detector/Well/faster-rcnn/utils/object_detection_evaluation_test.py'
 outputting to '/project/roysam/rwmills/proj/DEEP-TIMING_v2/DT2-detector/Well/faster-rcnn/utils/object_detection_evaluation_test.py'
--------------------------------------------------------------------------------


--------------------------------------------------------------------------------

--------------------------------------------------------------------------------
Processing file '/project/roysam/rwmills/proj/DEEP-TIMING/DT2-detector/Well/faster-rcnn/utils/ops.py'
 outputting to '/project/roysam/rwmills/proj/DEEP-TIMING_v2/DT2-detector/Well/faster-rcnn/utils/ops.py'
--------------------------------------------------------------------------------

41:7: INFO: `name` passed to `name_scope`. Because you may be re-entering an existing scope, it is not safe to convert automatically,  the v2 name_scope does not support re-entering scopes by name.

41:7: INFO: Renamed 'tf.name_scope' to 'tf.compat.v1.name_scope'
102:7: INFO: `name` passed to `name_scope`. Because you may be re-entering an existing scope, it is not safe to convert automatically,  the v2 name_scope does not support re-entering scopes by name.

102:7: INFO: Renamed 'tf.name_scope' to 'tf.compat.v1.name_scope'
103:8: INFO: Added keywords to args of function 'tf.convert_to_tensor'
104:8: INFO: Added keywords to args of function 'tf.convert_to_tensor'
105:33: INFO: Added keywords to args of function 'tf.shape'
106:33: INFO: Added keywords to args of function 'tf.shape'
141:17: INFO: Added keywords to args of function 'tf.shape'
144:20: INFO: Added keywords to args of function 'tf.shape'
145:27: INFO: Changed tf.to_int32 call to tf.cast(..., dtype=tf.int32).
146:8: INFO: Renamed 'tf.ceil' to 'tf.math.ceil'
146:16: INFO: Changed tf.to_float call to tf.cast(..., dtype=tf.float32).
146:45: INFO: Changed tf.to_float call to tf.cast(..., dtype=tf.float32).
152:19: INFO: Added keywords to args of function 'tf.shape'
153:26: INFO: Changed tf.to_int32 call to tf.cast(..., dtype=tf.int32).
154:8: INFO: Renamed 'tf.ceil' to 'tf.math.ceil'
154:16: INFO: Changed tf.to_float call to tf.cast(..., dtype=tf.float32).
154:44: INFO: Changed tf.to_float call to tf.cast(..., dtype=tf.float32).
160:19: INFO: Added keywords to args of function 'tf.shape'
213:11: INFO: Added keywords to args of function 'tf.pad'
214:11: INFO: Added keywords to args of function 'tf.cond'
214:30: INFO: Added keywords to args of function 'tf.size'
240:20: INFO: Added keywords to args of function 'tf.reduce_sum'
274:9: INFO: Changed tf.to_int32 call to tf.cast(..., dtype=tf.int32).
278:44: INFO: Changed tf.to_int32 call to tf.cast(..., dtype=tf.int32).
311:27: INFO: Added keywords to args of function 'tf.shape'
356:17: INFO: Renamed 'tf.where' to 'tf.compat.v1.where'
377:36: INFO: Added keywords to args of function 'tf.reduce_sum'
377:36: INFO: Renamed keyword argument for tf.reduce_sum from reduction_indices to axis
377:50: INFO: Changed tf.to_int32 call to tf.cast(..., dtype=tf.int32).
378:6: INFO: Renamed 'tf.is_nan' to 'tf.math.is_nan'
380:18: INFO: Renamed 'tf.where' to 'tf.compat.v1.where'
425:7: INFO: Renamed 'tf.variable_scope' to 'tf.compat.v1.variable_scope'
448:18: ERROR: Using member tf.contrib.framework.model_variable in deprecated module tf.contrib. tf.contrib.framework.model_variable cannot be converted automatically. tf.contrib will not be distributed with TensorFlow 2.0, please consider an alternative in non-contrib TensorFlow, a community-maintained repository such as tensorflow/addons, or fork the required code.
453:13: INFO: Added keywords to args of function 'tf.reduce_mean'
454:13: INFO: Renamed 'tf.Print' to 'tf.compat.v1.Print'
455:6: INFO: tf.summary.scalar requires manual check. The TF 1.x summary API cannot be automatically migrated to TF 2.0, so symbols have been converted to tf.compat.v1.summary.* and must be migrated manually. Typical usage will only require changes to the summary writing logic, not to individual calls like scalar(). For examples of the new summary API, see the Effective TF 2.0 migration document or check the TF 2.0 TensorBoard tutorials.
455:6: INFO: Renamed 'tf.summary.scalar' to 'tf.compat.v1.summary.scalar'
455:24: INFO: Renamed 'tf.get_variable_scope' to 'tf.compat.v1.get_variable_scope'
456:32: INFO: Added keywords to args of function 'tf.reduce_sum'
585:34: INFO: Added keywords to args of function 'tf.reduce_mean'
585:34: INFO: Renamed keyword argument for tf.reduce_mean from keep_dims to keepdims
591:21: INFO: Added keywords to args of function 'tf.space_to_depth'
591:21: INFO: Renamed 'tf.space_to_depth' to 'tf.compat.v1.space_to_depth'
598:34: INFO: Renamed keyword argument for tf.squeeze from squeeze_dims to axis
599:8: INFO: Renamed 'tf.batch_to_space_nd' to 'tf.batch_to_space'
606:36: INFO: Added keywords to args of function 'tf.depth_to_space'
606:36: INFO: Renamed 'tf.depth_to_space' to 'tf.compat.v1.depth_to_space'
642:14: INFO: Added keywords to args of function 'tf.shape'
646:16: INFO: Renamed keyword argument for tf.image.crop_and_resize from box_ind to box_indices
--------------------------------------------------------------------------------

--------------------------------------------------------------------------------
Processing file '/project/roysam/rwmills/proj/DEEP-TIMING/DT2-detector/Well/faster-rcnn/utils/ops_test.py'
 outputting to '/project/roysam/rwmills/proj/DEEP-TIMING_v2/DT2-detector/Well/faster-rcnn/utils/ops_test.py'
--------------------------------------------------------------------------------

27:23: INFO: Renamed 'tf.placeholder' to 'tf.compat.v1.placeholder'
30:18: INFO: Added keywords to args of function 'tf.convert_to_tensor'
192:33: INFO: Renamed 'tf.placeholder' to 'tf.compat.v1.placeholder'
195:34: INFO: Renamed 'tf.placeholder' to 'tf.compat.v1.placeholder'
219:33: INFO: Renamed 'tf.placeholder' to 'tf.compat.v1.placeholder'
221:34: INFO: Renamed 'tf.placeholder' to 'tf.compat.v1.placeholder'
268:21: INFO: Renamed 'tf.placeholder' to 'tf.compat.v1.placeholder'
271:44: INFO: Added keywords to args of function 'tf.shape'
351:18: INFO: Renamed 'tf.placeholder' to 'tf.compat.v1.placeholder'
352:18: INFO: Renamed 'tf.placeholder' to 'tf.compat.v1.placeholder'
353:20: INFO: Renamed 'tf.placeholder' to 'tf.compat.v1.placeholder'
354:21: INFO: Renamed 'tf.placeholder' to 'tf.compat.v1.placeholder'
355:17: INFO: Renamed 'tf.placeholder' to 'tf.compat.v1.placeholder'
356:22: INFO: Renamed 'tf.placeholder' to 'tf.compat.v1.placeholder'
357:24: INFO: Renamed 'tf.placeholder' to 'tf.compat.v1.placeholder'
358:20: INFO: Renamed 'tf.placeholder' to 'tf.compat.v1.placeholder'
416:18: INFO: Renamed 'tf.placeholder' to 'tf.compat.v1.placeholder'
417:20: INFO: Renamed 'tf.placeholder' to 'tf.compat.v1.placeholder'
422:20: INFO: Renamed 'tf.placeholder' to 'tf.compat.v1.placeholder'
448:18: INFO: Renamed 'tf.placeholder' to 'tf.compat.v1.placeholder'
449:20: INFO: Renamed 'tf.placeholder' to 'tf.compat.v1.placeholder'
450:21: INFO: Renamed 'tf.placeholder' to 'tf.compat.v1.placeholder'
451:17: INFO: Renamed 'tf.placeholder' to 'tf.compat.v1.placeholder'
452:22: INFO: Renamed 'tf.placeholder' to 'tf.compat.v1.placeholder'
453:20: INFO: Renamed 'tf.placeholder' to 'tf.compat.v1.placeholder'
499:18: INFO: Renamed 'tf.placeholder' to 'tf.compat.v1.placeholder'
500:20: INFO: Renamed 'tf.placeholder' to 'tf.compat.v1.placeholder'
501:21: INFO: Renamed 'tf.placeholder' to 'tf.compat.v1.placeholder'
502:17: INFO: Renamed 'tf.placeholder' to 'tf.compat.v1.placeholder'
503:22: INFO: Renamed 'tf.placeholder' to 'tf.compat.v1.placeholder'
504:20: INFO: Renamed 'tf.placeholder' to 'tf.compat.v1.placeholder'
540:18: INFO: Renamed 'tf.placeholder' to 'tf.compat.v1.placeholder'
541:18: INFO: Renamed 'tf.placeholder' to 'tf.compat.v1.placeholder'
542:20: INFO: Renamed 'tf.placeholder' to 'tf.compat.v1.placeholder'
543:21: INFO: Renamed 'tf.placeholder' to 'tf.compat.v1.placeholder'
544:17: INFO: Renamed 'tf.placeholder' to 'tf.compat.v1.placeholder'
545:22: INFO: Renamed 'tf.placeholder' to 'tf.compat.v1.placeholder'
546:24: INFO: Renamed 'tf.placeholder' to 'tf.compat.v1.placeholder'
547:20: INFO: Renamed 'tf.placeholder' to 'tf.compat.v1.placeholder'
645:13: INFO: Renamed 'tf.random_uniform' to 'tf.random.uniform'
651:17: ERROR: Using member tf.contrib.framework.get_variables in deprecated module tf.contrib. tf.contrib.framework.get_variables cannot be converted automatically. tf.contrib will not be distributed with TensorFlow 2.0, please consider an alternative in non-contrib TensorFlow, a community-maintained repository such as tensorflow/addons, or fork the required code.
655:13: INFO: Renamed 'tf.random_uniform' to 'tf.random.uniform'
664:13: INFO: Renamed 'tf.random_uniform' to 'tf.random.uniform'
672:13: INFO: Renamed 'tf.random_uniform' to 'tf.random.uniform'
690:15: INFO: Renamed 'tf.global_variables_initializer' to 'tf.compat.v1.global_variables_initializer'
704:15: INFO: Renamed 'tf.global_variables_initializer' to 'tf.compat.v1.global_variables_initializer'
718:12: INFO: Renamed 'tf.random_uniform' to 'tf.random.uniform'
742:12: INFO: Renamed 'tf.random_uniform' to 'tf.random.uniform'
748:20: INFO: Added keywords to args of function 'tf.reduce_mean'
748:20: INFO: Renamed keyword argument for tf.reduce_mean from keep_dims to keepdims
767:12: INFO: Renamed 'tf.random_uniform' to 'tf.random.uniform'
768:12: INFO: Renamed 'tf.random_uniform' to 'tf.random.uniform'
774:20: INFO: Added keywords to args of function 'tf.reduce_mean'
774:20: INFO: Renamed keyword argument for tf.reduce_mean from keep_dims to keepdims
832:12: INFO: Renamed 'tf.random_uniform' to 'tf.random.uniform'
905:12: INFO: Renamed 'tf.random_uniform' to 'tf.random.uniform'
906:12: INFO: Renamed 'tf.random_uniform' to 'tf.random.uniform'
928:12: INFO: Renamed 'tf.random_uniform' to 'tf.random.uniform'
961:25: INFO: Added keywords to args of function 'tf.reduce_mean'
961:25: INFO: Renamed keyword argument for tf.reduce_mean from reduction_indices to axis
961:25: INFO: Renamed keyword argument for tf.reduce_mean from keep_dims to keepdims
--------------------------------------------------------------------------------

--------------------------------------------------------------------------------
Processing file '/project/roysam/rwmills/proj/DEEP-TIMING/DT2-detector/Well/faster-rcnn/utils/per_image_evaluation.py'
 outputting to '/project/roysam/rwmills/proj/DEEP-TIMING_v2/DT2-detector/Well/faster-rcnn/utils/per_image_evaluation.py'
--------------------------------------------------------------------------------


--------------------------------------------------------------------------------

--------------------------------------------------------------------------------
Processing file '/project/roysam/rwmills/proj/DEEP-TIMING/DT2-detector/Well/faster-rcnn/utils/per_image_evaluation_test.py'
 outputting to '/project/roysam/rwmills/proj/DEEP-TIMING_v2/DT2-detector/Well/faster-rcnn/utils/per_image_evaluation_test.py'
--------------------------------------------------------------------------------


--------------------------------------------------------------------------------

--------------------------------------------------------------------------------
Processing file '/project/roysam/rwmills/proj/DEEP-TIMING/DT2-detector/Well/faster-rcnn/utils/shape_utils.py'
 outputting to '/project/roysam/rwmills/proj/DEEP-TIMING_v2/DT2-detector/Well/faster-rcnn/utils/shape_utils.py'
--------------------------------------------------------------------------------

63:12: INFO: Added keywords to args of function 'tf.shape'
66:14: INFO: Added keywords to args of function 'tf.cond'
107:16: INFO: Added keywords to args of function 'tf.cond'
108:17: INFO: Added keywords to args of function 'tf.shape'
129:18: INFO: Added keywords to args of function 'tf.shape'
--------------------------------------------------------------------------------

--------------------------------------------------------------------------------
Processing file '/project/roysam/rwmills/proj/DEEP-TIMING/DT2-detector/Well/faster-rcnn/utils/shape_utils_test.py'
 outputting to '/project/roysam/rwmills/proj/DEEP-TIMING_v2/DT2-detector/Well/faster-rcnn/utils/shape_utils_test.py'
--------------------------------------------------------------------------------

119:13: INFO: Renamed 'tf.placeholder' to 'tf.compat.v1.placeholder'
122:20: INFO: Renamed 'tf.contrib.framework.is_tensor' to 'tf.is_tensor'
--------------------------------------------------------------------------------

--------------------------------------------------------------------------------
Processing file '/project/roysam/rwmills/proj/DEEP-TIMING/DT2-detector/Well/faster-rcnn/utils/static_shape.py'
 outputting to '/project/roysam/rwmills/proj/DEEP-TIMING_v2/DT2-detector/Well/faster-rcnn/utils/static_shape.py'
--------------------------------------------------------------------------------


--------------------------------------------------------------------------------

--------------------------------------------------------------------------------
Processing file '/project/roysam/rwmills/proj/DEEP-TIMING/DT2-detector/Well/faster-rcnn/utils/static_shape_test.py'
 outputting to '/project/roysam/rwmills/proj/DEEP-TIMING_v2/DT2-detector/Well/faster-rcnn/utils/static_shape_test.py'
--------------------------------------------------------------------------------


--------------------------------------------------------------------------------

--------------------------------------------------------------------------------
Processing file '/project/roysam/rwmills/proj/DEEP-TIMING/DT2-detector/Well/faster-rcnn/utils/test_utils.py'
 outputting to '/project/roysam/rwmills/proj/DEEP-TIMING_v2/DT2-detector/Well/faster-rcnn/utils/test_utils.py'
--------------------------------------------------------------------------------

54:11: INFO: Added keywords to args of function 'tf.reduce_sum'
--------------------------------------------------------------------------------

--------------------------------------------------------------------------------
Processing file '/project/roysam/rwmills/proj/DEEP-TIMING/DT2-detector/Well/faster-rcnn/utils/test_utils_test.py'
 outputting to '/project/roysam/rwmills/proj/DEEP-TIMING_v2/DT2-detector/Well/faster-rcnn/utils/test_utils_test.py'
--------------------------------------------------------------------------------


--------------------------------------------------------------------------------

--------------------------------------------------------------------------------
Processing file '/project/roysam/rwmills/proj/DEEP-TIMING/DT2-detector/Well/faster-rcnn/utils/variables_helper.py'
 outputting to '/project/roysam/rwmills/proj/DEEP-TIMING_v2/DT2-detector/Well/faster-rcnn/utils/variables_helper.py'
--------------------------------------------------------------------------------

23:7: ERROR: Using member tf.contrib.slim in deprecated module tf.contrib. tf.contrib.slim cannot be converted automatically. tf.contrib will not be distributed with TensorFlow 2.0, please consider an alternative in non-contrib TensorFlow, a community-maintained repository such as tensorflow/addons, or fork the required code.
122:16: INFO: Renamed 'tf.train.NewCheckpointReader' to 'tf.compat.v1.train.NewCheckpointReader'
--------------------------------------------------------------------------------

--------------------------------------------------------------------------------
Processing file '/project/roysam/rwmills/proj/DEEP-TIMING/DT2-detector/Well/faster-rcnn/utils/variables_helper_test.py'
 outputting to '/project/roysam/rwmills/proj/DEEP-TIMING_v2/DT2-detector/Well/faster-rcnn/utils/variables_helper_test.py'
--------------------------------------------------------------------------------

84:14: INFO: Renamed 'tf.global_variables_initializer' to 'tf.compat.v1.global_variables_initializer'
97:14: INFO: Renamed 'tf.global_variables_initializer' to 'tf.compat.v1.global_variables_initializer'
122:14: INFO: Renamed 'tf.global_variables_initializer' to 'tf.compat.v1.global_variables_initializer'
137:14: INFO: Renamed 'tf.global_variables_initializer' to 'tf.compat.v1.global_variables_initializer'
138:12: INFO: Renamed 'tf.train.Saver' to 'tf.compat.v1.train.Saver'
141:6: WARNING: *.save requires manual check. (This warning is only applicable if the code saves a tf.Keras model) Keras model.save now saves to the Tensorflow SavedModel format by default, instead of HDF5. To continue saving to HDF5, add the argument save_format='h5' to the save() function.
151:14: INFO: Renamed 'tf.global_variables_initializer' to 'tf.compat.v1.global_variables_initializer'
152:12: INFO: Renamed 'tf.train.Saver' to 'tf.compat.v1.train.Saver'
155:6: WARNING: *.save requires manual check. (This warning is only applicable if the code saves a tf.Keras model) Keras model.save now saves to the Tensorflow SavedModel format by default, instead of HDF5. To continue saving to HDF5, add the argument save_format='h5' to the save() function.
167:14: INFO: Renamed 'tf.global_variables_initializer' to 'tf.compat.v1.global_variables_initializer'
168:12: INFO: Renamed 'tf.train.Saver' to 'tf.compat.v1.train.Saver'
171:6: WARNING: *.save requires manual check. (This warning is only applicable if the code saves a tf.Keras model) Keras model.save now saves to the Tensorflow SavedModel format by default, instead of HDF5. To continue saving to HDF5, add the argument save_format='h5' to the save() function.
--------------------------------------------------------------------------------

--------------------------------------------------------------------------------
Processing file '/project/roysam/rwmills/proj/DEEP-TIMING/DT2-detector/Well/faster-rcnn/utils/visualization_utils.py'
 outputting to '/project/roysam/rwmills/proj/DEEP-TIMING_v2/DT2-detector/Well/faster-rcnn/utils/visualization_utils.py'
--------------------------------------------------------------------------------

69:7: INFO: Renamed 'tf.gfile.Open' to 'tf.io.gfile.GFile'
70:4: WARNING: *.save requires manual check. (This warning is only applicable if the code saves a tf.Keras model) Keras model.save now saves to the Tensorflow SavedModel format by default, instead of HDF5. To continue saving to HDF5, add the argument save_format='h5' to the save() function.
84:2: WARNING: *.save requires manual check. (This warning is only applicable if the code saves a tf.Keras model) Keras model.save now saves to the Tensorflow SavedModel format by default, instead of HDF5. To continue saving to HDF5, add the argument save_format='h5' to the save() function.
--------------------------------------------------------------------------------

--------------------------------------------------------------------------------
Processing file '/project/roysam/rwmills/proj/DEEP-TIMING/DT2-detector/Well/faster-rcnn/utils/visualization_utils_test.py'
 outputting to '/project/roysam/rwmills/proj/DEEP-TIMING_v2/DT2-detector/Well/faster-rcnn/utils/visualization_utils_test.py'
--------------------------------------------------------------------------------


--------------------------------------------------------------------------------

--------------------------------------------------------------------------------
Processing file '/project/roysam/rwmills/proj/DEEP-TIMING/DT3-tracker/DT_EZ_Tracker.py'
 outputting to '/project/roysam/rwmills/proj/DEEP-TIMING_v2/DT3-tracker/DT_EZ_Tracker.py'
--------------------------------------------------------------------------------


--------------------------------------------------------------------------------

--------------------------------------------------------------------------------
Processing file '/project/roysam/rwmills/proj/DEEP-TIMING/DT3-tracker/DT_SIAMESE_Tracker.py'
 outputting to '/project/roysam/rwmills/proj/DEEP-TIMING_v2/DT3-tracker/DT_SIAMESE_Tracker.py'
--------------------------------------------------------------------------------


--------------------------------------------------------------------------------

--------------------------------------------------------------------------------
Processing file '/project/roysam/rwmills/proj/DEEP-TIMING/DT3-tracker/TIMING_BASIC_Tracker.py'
 outputting to '/project/roysam/rwmills/proj/DEEP-TIMING_v2/DT3-tracker/TIMING_BASIC_Tracker.py'
--------------------------------------------------------------------------------


--------------------------------------------------------------------------------

--------------------------------------------------------------------------------
Processing file '/project/roysam/rwmills/proj/DEEP-TIMING/DT4-feature/DT_APOPTOSIS_WIZARD.py'
 outputting to '/project/roysam/rwmills/proj/DEEP-TIMING_v2/DT4-feature/DT_APOPTOSIS_WIZARD.py'
--------------------------------------------------------------------------------


--------------------------------------------------------------------------------

--------------------------------------------------------------------------------
Processing file '/project/roysam/rwmills/proj/DEEP-TIMING/DT4-feature/DT_FEATURE_WIZARD.py'
 outputting to '/project/roysam/rwmills/proj/DEEP-TIMING_v2/DT4-feature/DT_FEATURE_WIZARD.py'
--------------------------------------------------------------------------------


--------------------------------------------------------------------------------

--------------------------------------------------------------------------------
Processing file '/project/roysam/rwmills/proj/DEEP-TIMING/DT4-feature/DT_MITOSIS_WIZARD.py'
 outputting to '/project/roysam/rwmills/proj/DEEP-TIMING_v2/DT4-feature/DT_MITOSIS_WIZARD.py'
--------------------------------------------------------------------------------

ERROR: Failed to parse.
Traceback (most recent call last):
  File "/project/dsi/apps/python/3.7/lib/python3.7/site-packages/tensorflow/tools/compatibility/ast_edits.py", line 940, in update_string_pasta
    t = pasta.parse(text)
  File "/project/dsi/apps/python/3.7/lib/python3.7/site-packages/pasta/__init__.py", line 23, in parse
    t = ast_utils.parse(src)
  File "/project/dsi/apps/python/3.7/lib/python3.7/site-packages/pasta/base/ast_utils.py", line 56, in parse
    tree = ast.parse(sanitize_source(src))
  File "/project/dsi/apps/python/3.7/lib/python3.7/ast.py", line 35, in parse
    return compile(source, filename, mode, PyCF_ONLY_AST)
  File "<unknown>", line 103
    print "Processing " + BLOCK + " ......"
                      ^
SyntaxError: Missing parentheses in call to 'print'. Did you mean print("Processing " + BLOCK + " ......")?

--------------------------------------------------------------------------------

--------------------------------------------------------------------------------
Processing file '/project/roysam/rwmills/proj/DEEP-TIMING/DT5-viewer/3.0-legend/LabelImageQt.py'
 outputting to '/project/roysam/rwmills/proj/DEEP-TIMING_v2/DT5-viewer/3.0-legend/LabelImageQt.py'
--------------------------------------------------------------------------------


--------------------------------------------------------------------------------

--------------------------------------------------------------------------------
Processing file '/project/roysam/rwmills/proj/DEEP-TIMING/DT5-viewer/3.0-legend/TIMING_Community.py'
 outputting to '/project/roysam/rwmills/proj/DEEP-TIMING_v2/DT5-viewer/3.0-legend/TIMING_Community.py'
--------------------------------------------------------------------------------


--------------------------------------------------------------------------------

--------------------------------------------------------------------------------
Processing file '/project/roysam/rwmills/proj/DEEP-TIMING/DT5-viewer/3.0-legend/TIMING_DT_Sampler.py'
 outputting to '/project/roysam/rwmills/proj/DEEP-TIMING_v2/DT5-viewer/3.0-legend/TIMING_DT_Sampler.py'
--------------------------------------------------------------------------------

ERROR: Failed to parse.
Traceback (most recent call last):
  File "/project/dsi/apps/python/3.7/lib/python3.7/site-packages/tensorflow/tools/compatibility/ast_edits.py", line 940, in update_string_pasta
    t = pasta.parse(text)
  File "/project/dsi/apps/python/3.7/lib/python3.7/site-packages/pasta/__init__.py", line 23, in parse
    t = ast_utils.parse(src)
  File "/project/dsi/apps/python/3.7/lib/python3.7/site-packages/pasta/base/ast_utils.py", line 56, in parse
    tree = ast.parse(sanitize_source(src))
  File "/project/dsi/apps/python/3.7/lib/python3.7/ast.py", line 35, in parse
    return compile(source, filename, mode, PyCF_ONLY_AST)
  File "<unknown>", line 127
    print "read stat LOG ..."
                            ^
SyntaxError: Missing parentheses in call to 'print'. Did you mean print("read stat LOG ...")?

--------------------------------------------------------------------------------

--------------------------------------------------------------------------------
Processing file '/project/roysam/rwmills/proj/DEEP-TIMING/DT5-viewer/3.0-legend/TIMING_Data_Manager.py'
 outputting to '/project/roysam/rwmills/proj/DEEP-TIMING_v2/DT5-viewer/3.0-legend/TIMING_Data_Manager.py'
--------------------------------------------------------------------------------


--------------------------------------------------------------------------------

--------------------------------------------------------------------------------
Processing file '/project/roysam/rwmills/proj/DEEP-TIMING/DT5-viewer/3.0-legend/TIMING_Feature_Board.py'
 outputting to '/project/roysam/rwmills/proj/DEEP-TIMING_v2/DT5-viewer/3.0-legend/TIMING_Feature_Board.py'
--------------------------------------------------------------------------------


--------------------------------------------------------------------------------

--------------------------------------------------------------------------------
Processing file '/project/roysam/rwmills/proj/DEEP-TIMING/DT5-viewer/3.0-legend/TIMING_Main.py'
 outputting to '/project/roysam/rwmills/proj/DEEP-TIMING_v2/DT5-viewer/3.0-legend/TIMING_Main.py'
--------------------------------------------------------------------------------

ERROR: Failed to parse.
Traceback (most recent call last):
  File "/project/dsi/apps/python/3.7/lib/python3.7/site-packages/tensorflow/tools/compatibility/ast_edits.py", line 940, in update_string_pasta
    t = pasta.parse(text)
  File "/project/dsi/apps/python/3.7/lib/python3.7/site-packages/pasta/__init__.py", line 23, in parse
    t = ast_utils.parse(src)
  File "/project/dsi/apps/python/3.7/lib/python3.7/site-packages/pasta/base/ast_utils.py", line 56, in parse
    tree = ast.parse(sanitize_source(src))
  File "/project/dsi/apps/python/3.7/lib/python3.7/ast.py", line 35, in parse
    return compile(source, filename, mode, PyCF_ONLY_AST)
  File "<unknown>", line 229
    print "No Nanowell Exist!"
                             ^
SyntaxError: Missing parentheses in call to 'print'. Did you mean print("No Nanowell Exist!")?

--------------------------------------------------------------------------------

--------------------------------------------------------------------------------
Processing file '/project/roysam/rwmills/proj/DEEP-TIMING/DT5-viewer/3.0-legend/TIMING_Nanowell.py'
 outputting to '/project/roysam/rwmills/proj/DEEP-TIMING_v2/DT5-viewer/3.0-legend/TIMING_Nanowell.py'
--------------------------------------------------------------------------------

ERROR: Failed to parse.
Traceback (most recent call last):
  File "/project/dsi/apps/python/3.7/lib/python3.7/site-packages/tensorflow/tools/compatibility/ast_edits.py", line 940, in update_string_pasta
    t = pasta.parse(text)
  File "/project/dsi/apps/python/3.7/lib/python3.7/site-packages/pasta/__init__.py", line 23, in parse
    t = ast_utils.parse(src)
  File "/project/dsi/apps/python/3.7/lib/python3.7/site-packages/pasta/base/ast_utils.py", line 56, in parse
    tree = ast.parse(sanitize_source(src))
  File "/project/dsi/apps/python/3.7/lib/python3.7/ast.py", line 35, in parse
    return compile(source, filename, mode, PyCF_ONLY_AST)
  File "<unknown>", line 110
    print "Error2!"
                  ^
SyntaxError: Missing parentheses in call to 'print'. Did you mean print("Error2!")?

--------------------------------------------------------------------------------

--------------------------------------------------------------------------------
Processing file '/project/roysam/rwmills/proj/DEEP-TIMING/DT5-viewer/3.0-legend/TIMING_Profiler.py'
 outputting to '/project/roysam/rwmills/proj/DEEP-TIMING_v2/DT5-viewer/3.0-legend/TIMING_Profiler.py'
--------------------------------------------------------------------------------

ERROR: Failed to parse.
Traceback (most recent call last):
  File "/project/dsi/apps/python/3.7/lib/python3.7/site-packages/tensorflow/tools/compatibility/ast_edits.py", line 940, in update_string_pasta
    t = pasta.parse(text)
  File "/project/dsi/apps/python/3.7/lib/python3.7/site-packages/pasta/__init__.py", line 23, in parse
    t = ast_utils.parse(src)
  File "/project/dsi/apps/python/3.7/lib/python3.7/site-packages/pasta/base/ast_utils.py", line 56, in parse
    tree = ast.parse(sanitize_source(src))
  File "/project/dsi/apps/python/3.7/lib/python3.7/ast.py", line 35, in parse
    return compile(source, filename, mode, PyCF_ONLY_AST)
  File "<unknown>", line 97
    print "Not Enabled yet..."
                             ^
SyntaxError: Missing parentheses in call to 'print'. Did you mean print("Not Enabled yet...")?

--------------------------------------------------------------------------------

--------------------------------------------------------------------------------
Processing file '/project/roysam/rwmills/proj/DEEP-TIMING/DT5-viewer/3.0-legend/TIMING_Profiler_Processor.py'
 outputting to '/project/roysam/rwmills/proj/DEEP-TIMING_v2/DT5-viewer/3.0-legend/TIMING_Profiler_Processor.py'
--------------------------------------------------------------------------------

ERROR: Failed to parse.
Traceback (most recent call last):
  File "/project/dsi/apps/python/3.7/lib/python3.7/site-packages/tensorflow/tools/compatibility/ast_edits.py", line 940, in update_string_pasta
    t = pasta.parse(text)
  File "/project/dsi/apps/python/3.7/lib/python3.7/site-packages/pasta/__init__.py", line 23, in parse
    t = ast_utils.parse(src)
  File "/project/dsi/apps/python/3.7/lib/python3.7/site-packages/pasta/base/ast_utils.py", line 56, in parse
    tree = ast.parse(sanitize_source(src))
  File "/project/dsi/apps/python/3.7/lib/python3.7/ast.py", line 35, in parse
    return compile(source, filename, mode, PyCF_ONLY_AST)
  File "<unknown>", line 8
    print filename
                 ^
SyntaxError: Missing parentheses in call to 'print'. Did you mean print(filename)?

--------------------------------------------------------------------------------

--------------------------------------------------------------------------------
Processing file '/project/roysam/rwmills/proj/DEEP-TIMING/DT5-viewer/3.0-legend/TIMING_ReEditBox.py'
 outputting to '/project/roysam/rwmills/proj/DEEP-TIMING_v2/DT5-viewer/3.0-legend/TIMING_ReEditBox.py'
--------------------------------------------------------------------------------

ERROR: Failed to parse.
Traceback (most recent call last):
  File "/project/dsi/apps/python/3.7/lib/python3.7/site-packages/tensorflow/tools/compatibility/ast_edits.py", line 940, in update_string_pasta
    t = pasta.parse(text)
  File "/project/dsi/apps/python/3.7/lib/python3.7/site-packages/pasta/__init__.py", line 23, in parse
    t = ast_utils.parse(src)
  File "/project/dsi/apps/python/3.7/lib/python3.7/site-packages/pasta/base/ast_utils.py", line 56, in parse
    tree = ast.parse(sanitize_source(src))
  File "/project/dsi/apps/python/3.7/lib/python3.7/ast.py", line 35, in parse
    return compile(source, filename, mode, PyCF_ONLY_AST)
  File "<unknown>", line 1129
    print "please go to Nanowell for feature!"
                                             ^
SyntaxError: Missing parentheses in call to 'print'. Did you mean print("please go to Nanowell for feature!")?

--------------------------------------------------------------------------------

--------------------------------------------------------------------------------
Processing file '/project/roysam/rwmills/proj/DEEP-TIMING/DT5-viewer/3.0-legend/sliderWidget.py'
 outputting to '/project/roysam/rwmills/proj/DEEP-TIMING_v2/DT5-viewer/3.0-legend/sliderWidget.py'
--------------------------------------------------------------------------------


--------------------------------------------------------------------------------

--------------------------------------------------------------------------------
Processing file '/project/roysam/rwmills/proj/DEEP-TIMING/DT5-viewer/3.0-legend/helper/TIMING_Profiler_Processor.py'
 outputting to '/project/roysam/rwmills/proj/DEEP-TIMING_v2/DT5-viewer/3.0-legend/helper/TIMING_Profiler_Processor.py'
--------------------------------------------------------------------------------

ERROR: Failed to parse.
Traceback (most recent call last):
  File "/project/dsi/apps/python/3.7/lib/python3.7/site-packages/tensorflow/tools/compatibility/ast_edits.py", line 940, in update_string_pasta
    t = pasta.parse(text)
  File "/project/dsi/apps/python/3.7/lib/python3.7/site-packages/pasta/__init__.py", line 23, in parse
    t = ast_utils.parse(src)
  File "/project/dsi/apps/python/3.7/lib/python3.7/site-packages/pasta/base/ast_utils.py", line 56, in parse
    tree = ast.parse(sanitize_source(src))
  File "/project/dsi/apps/python/3.7/lib/python3.7/ast.py", line 35, in parse
    return compile(source, filename, mode, PyCF_ONLY_AST)
  File "<unknown>", line 8
    print filename
                 ^
SyntaxError: Missing parentheses in call to 'print'. Did you mean print(filename)?

--------------------------------------------------------------------------------

--------------------------------------------------------------------------------
Processing file '/project/roysam/rwmills/proj/DEEP-TIMING/DT5-viewer/3.0-legend/helper/TIMING_QImageConverter.py'
 outputting to '/project/roysam/rwmills/proj/DEEP-TIMING_v2/DT5-viewer/3.0-legend/helper/TIMING_QImageConverter.py'
--------------------------------------------------------------------------------


--------------------------------------------------------------------------------

--------------------------------------------------------------------------------
Processing file '/project/roysam/rwmills/proj/DEEP-TIMING/DT5-viewer/3.0-legend/helper/TIMING_TSPlot.py'
 outputting to '/project/roysam/rwmills/proj/DEEP-TIMING_v2/DT5-viewer/3.0-legend/helper/TIMING_TSPlot.py'
--------------------------------------------------------------------------------

ERROR: Failed to parse.
Traceback (most recent call last):
  File "/project/dsi/apps/python/3.7/lib/python3.7/site-packages/tensorflow/tools/compatibility/ast_edits.py", line 940, in update_string_pasta
    t = pasta.parse(text)
  File "/project/dsi/apps/python/3.7/lib/python3.7/site-packages/pasta/__init__.py", line 23, in parse
    t = ast_utils.parse(src)
  File "/project/dsi/apps/python/3.7/lib/python3.7/site-packages/pasta/base/ast_utils.py", line 56, in parse
    tree = ast.parse(sanitize_source(src))
  File "/project/dsi/apps/python/3.7/lib/python3.7/ast.py", line 35, in parse
    return compile(source, filename, mode, PyCF_ONLY_AST)
  File "<unknown>", line 123
    print "No cell E1 or No given features"
                                          ^
SyntaxError: Missing parentheses in call to 'print'. Did you mean print("No cell E1 or No given features")?

--------------------------------------------------------------------------------

--------------------------------------------------------------------------------
Processing file '/project/roysam/rwmills/proj/DEEP-TIMING/DT5-viewer/3.0-legend/helper/TIMING_labelImageQT.py'
 outputting to '/project/roysam/rwmills/proj/DEEP-TIMING_v2/DT5-viewer/3.0-legend/helper/TIMING_labelImageQT.py'
--------------------------------------------------------------------------------


--------------------------------------------------------------------------------

--------------------------------------------------------------------------------
Processing file '/project/roysam/rwmills/proj/DEEP-TIMING/DT5-viewer/3.0-legend/helper/TIMING_radarMap.py'
 outputting to '/project/roysam/rwmills/proj/DEEP-TIMING_v2/DT5-viewer/3.0-legend/helper/TIMING_radarMap.py'
--------------------------------------------------------------------------------


--------------------------------------------------------------------------------

--------------------------------------------------------------------------------
Processing file '/project/roysam/rwmills/proj/DEEP-TIMING/DT5-viewer/3.0-legend/helper/TIMING_sliderWindow.py'
 outputting to '/project/roysam/rwmills/proj/DEEP-TIMING_v2/DT5-viewer/3.0-legend/helper/TIMING_sliderWindow.py'
--------------------------------------------------------------------------------


--------------------------------------------------------------------------------

--------------------------------------------------------------------------------
Processing file '/project/roysam/rwmills/proj/DEEP-TIMING/DT5-viewer/3.0-legend/timing2-features/feature_worker.py'
 outputting to '/project/roysam/rwmills/proj/DEEP-TIMING_v2/DT5-viewer/3.0-legend/timing2-features/feature_worker.py'
--------------------------------------------------------------------------------


--------------------------------------------------------------------------------

--------------------------------------------------------------------------------
Processing file '/project/roysam/rwmills/proj/DEEP-TIMING/DT5-viewer/3.0-legend/timing2-tracker/cell_tracker.py'
 outputting to '/project/roysam/rwmills/proj/DEEP-TIMING_v2/DT5-viewer/3.0-legend/timing2-tracker/cell_tracker.py'
--------------------------------------------------------------------------------


--------------------------------------------------------------------------------

--------------------------------------------------------------------------------
Processing file '/project/roysam/rwmills/proj/DEEP-TIMING/DT5-viewer/3.0-legend/timing2-tracker/track_worker.py'
 outputting to '/project/roysam/rwmills/proj/DEEP-TIMING_v2/DT5-viewer/3.0-legend/timing2-tracker/track_worker.py'
--------------------------------------------------------------------------------


--------------------------------------------------------------------------------

--------------------------------------------------------------------------------
Processing file '/project/roysam/rwmills/proj/DEEP-TIMING/DT5-viewer/3.0/LabelImageQt.py'
 outputting to '/project/roysam/rwmills/proj/DEEP-TIMING_v2/DT5-viewer/3.0/LabelImageQt.py'
--------------------------------------------------------------------------------


--------------------------------------------------------------------------------

--------------------------------------------------------------------------------
Processing file '/project/roysam/rwmills/proj/DEEP-TIMING/DT5-viewer/3.0/TIMING_Community.py'
 outputting to '/project/roysam/rwmills/proj/DEEP-TIMING_v2/DT5-viewer/3.0/TIMING_Community.py'
--------------------------------------------------------------------------------


--------------------------------------------------------------------------------

--------------------------------------------------------------------------------
Processing file '/project/roysam/rwmills/proj/DEEP-TIMING/DT5-viewer/3.0/TIMING_DT_Sampler.py'
 outputting to '/project/roysam/rwmills/proj/DEEP-TIMING_v2/DT5-viewer/3.0/TIMING_DT_Sampler.py'
--------------------------------------------------------------------------------

ERROR: Failed to parse.
Traceback (most recent call last):
  File "/project/dsi/apps/python/3.7/lib/python3.7/site-packages/tensorflow/tools/compatibility/ast_edits.py", line 940, in update_string_pasta
    t = pasta.parse(text)
  File "/project/dsi/apps/python/3.7/lib/python3.7/site-packages/pasta/__init__.py", line 23, in parse
    t = ast_utils.parse(src)
  File "/project/dsi/apps/python/3.7/lib/python3.7/site-packages/pasta/base/ast_utils.py", line 56, in parse
    tree = ast.parse(sanitize_source(src))
  File "/project/dsi/apps/python/3.7/lib/python3.7/ast.py", line 35, in parse
    return compile(source, filename, mode, PyCF_ONLY_AST)
  File "<unknown>", line 127
    print "read stat LOG ..."
                            ^
SyntaxError: Missing parentheses in call to 'print'. Did you mean print("read stat LOG ...")?

--------------------------------------------------------------------------------

--------------------------------------------------------------------------------
Processing file '/project/roysam/rwmills/proj/DEEP-TIMING/DT5-viewer/3.0/TIMING_Data_Manager.py'
 outputting to '/project/roysam/rwmills/proj/DEEP-TIMING_v2/DT5-viewer/3.0/TIMING_Data_Manager.py'
--------------------------------------------------------------------------------


--------------------------------------------------------------------------------

--------------------------------------------------------------------------------
Processing file '/project/roysam/rwmills/proj/DEEP-TIMING/DT5-viewer/3.0/TIMING_Feature_Board.py'
 outputting to '/project/roysam/rwmills/proj/DEEP-TIMING_v2/DT5-viewer/3.0/TIMING_Feature_Board.py'
--------------------------------------------------------------------------------


--------------------------------------------------------------------------------

--------------------------------------------------------------------------------
Processing file '/project/roysam/rwmills/proj/DEEP-TIMING/DT5-viewer/3.0/TIMING_Main.py'
 outputting to '/project/roysam/rwmills/proj/DEEP-TIMING_v2/DT5-viewer/3.0/TIMING_Main.py'
--------------------------------------------------------------------------------

ERROR: Failed to parse.
Traceback (most recent call last):
  File "/project/dsi/apps/python/3.7/lib/python3.7/site-packages/tensorflow/tools/compatibility/ast_edits.py", line 940, in update_string_pasta
    t = pasta.parse(text)
  File "/project/dsi/apps/python/3.7/lib/python3.7/site-packages/pasta/__init__.py", line 23, in parse
    t = ast_utils.parse(src)
  File "/project/dsi/apps/python/3.7/lib/python3.7/site-packages/pasta/base/ast_utils.py", line 56, in parse
    tree = ast.parse(sanitize_source(src))
  File "/project/dsi/apps/python/3.7/lib/python3.7/ast.py", line 35, in parse
    return compile(source, filename, mode, PyCF_ONLY_AST)
  File "<unknown>", line 235
    print "No Nanowell Exist!"
                             ^
SyntaxError: Missing parentheses in call to 'print'. Did you mean print("No Nanowell Exist!")?

--------------------------------------------------------------------------------

--------------------------------------------------------------------------------
Processing file '/project/roysam/rwmills/proj/DEEP-TIMING/DT5-viewer/3.0/TIMING_Nanowell.py'
 outputting to '/project/roysam/rwmills/proj/DEEP-TIMING_v2/DT5-viewer/3.0/TIMING_Nanowell.py'
--------------------------------------------------------------------------------

ERROR: Failed to parse.
Traceback (most recent call last):
  File "/project/dsi/apps/python/3.7/lib/python3.7/site-packages/tensorflow/tools/compatibility/ast_edits.py", line 940, in update_string_pasta
    t = pasta.parse(text)
  File "/project/dsi/apps/python/3.7/lib/python3.7/site-packages/pasta/__init__.py", line 23, in parse
    t = ast_utils.parse(src)
  File "/project/dsi/apps/python/3.7/lib/python3.7/site-packages/pasta/base/ast_utils.py", line 56, in parse
    tree = ast.parse(sanitize_source(src))
  File "/project/dsi/apps/python/3.7/lib/python3.7/ast.py", line 35, in parse
    return compile(source, filename, mode, PyCF_ONLY_AST)
  File "<unknown>", line 112
    print "Error2!"
                  ^
SyntaxError: Missing parentheses in call to 'print'. Did you mean print("Error2!")?

--------------------------------------------------------------------------------

--------------------------------------------------------------------------------
Processing file '/project/roysam/rwmills/proj/DEEP-TIMING/DT5-viewer/3.0/TIMING_Profiler.py'
 outputting to '/project/roysam/rwmills/proj/DEEP-TIMING_v2/DT5-viewer/3.0/TIMING_Profiler.py'
--------------------------------------------------------------------------------

ERROR: Failed to parse.
Traceback (most recent call last):
  File "/project/dsi/apps/python/3.7/lib/python3.7/site-packages/tensorflow/tools/compatibility/ast_edits.py", line 940, in update_string_pasta
    t = pasta.parse(text)
  File "/project/dsi/apps/python/3.7/lib/python3.7/site-packages/pasta/__init__.py", line 23, in parse
    t = ast_utils.parse(src)
  File "/project/dsi/apps/python/3.7/lib/python3.7/site-packages/pasta/base/ast_utils.py", line 56, in parse
    tree = ast.parse(sanitize_source(src))
  File "/project/dsi/apps/python/3.7/lib/python3.7/ast.py", line 35, in parse
    return compile(source, filename, mode, PyCF_ONLY_AST)
  File "<unknown>", line 97
    print "Not Enabled yet..."
                             ^
SyntaxError: Missing parentheses in call to 'print'. Did you mean print("Not Enabled yet...")?

--------------------------------------------------------------------------------

--------------------------------------------------------------------------------
Processing file '/project/roysam/rwmills/proj/DEEP-TIMING/DT5-viewer/3.0/TIMING_Profiler_Processor.py'
 outputting to '/project/roysam/rwmills/proj/DEEP-TIMING_v2/DT5-viewer/3.0/TIMING_Profiler_Processor.py'
--------------------------------------------------------------------------------

ERROR: Failed to parse.
Traceback (most recent call last):
  File "/project/dsi/apps/python/3.7/lib/python3.7/site-packages/tensorflow/tools/compatibility/ast_edits.py", line 940, in update_string_pasta
    t = pasta.parse(text)
  File "/project/dsi/apps/python/3.7/lib/python3.7/site-packages/pasta/__init__.py", line 23, in parse
    t = ast_utils.parse(src)
  File "/project/dsi/apps/python/3.7/lib/python3.7/site-packages/pasta/base/ast_utils.py", line 56, in parse
    tree = ast.parse(sanitize_source(src))
  File "/project/dsi/apps/python/3.7/lib/python3.7/ast.py", line 35, in parse
    return compile(source, filename, mode, PyCF_ONLY_AST)
  File "<unknown>", line 8
    print filename
                 ^
SyntaxError: Missing parentheses in call to 'print'. Did you mean print(filename)?

--------------------------------------------------------------------------------

--------------------------------------------------------------------------------
Processing file '/project/roysam/rwmills/proj/DEEP-TIMING/DT5-viewer/3.0/TIMING_ReEditBox.py'
 outputting to '/project/roysam/rwmills/proj/DEEP-TIMING_v2/DT5-viewer/3.0/TIMING_ReEditBox.py'
--------------------------------------------------------------------------------

ERROR: Failed to parse.
Traceback (most recent call last):
  File "/project/dsi/apps/python/3.7/lib/python3.7/site-packages/tensorflow/tools/compatibility/ast_edits.py", line 940, in update_string_pasta
    t = pasta.parse(text)
  File "/project/dsi/apps/python/3.7/lib/python3.7/site-packages/pasta/__init__.py", line 23, in parse
    t = ast_utils.parse(src)
  File "/project/dsi/apps/python/3.7/lib/python3.7/site-packages/pasta/base/ast_utils.py", line 56, in parse
    tree = ast.parse(sanitize_source(src))
  File "/project/dsi/apps/python/3.7/lib/python3.7/ast.py", line 35, in parse
    return compile(source, filename, mode, PyCF_ONLY_AST)
  File "<unknown>", line 1129
    print "please go to Nanowell for feature!"
                                             ^
SyntaxError: Missing parentheses in call to 'print'. Did you mean print("please go to Nanowell for feature!")?

--------------------------------------------------------------------------------

--------------------------------------------------------------------------------
Processing file '/project/roysam/rwmills/proj/DEEP-TIMING/DT5-viewer/3.0/sliderWidget.py'
 outputting to '/project/roysam/rwmills/proj/DEEP-TIMING_v2/DT5-viewer/3.0/sliderWidget.py'
--------------------------------------------------------------------------------


--------------------------------------------------------------------------------

--------------------------------------------------------------------------------
Processing file '/project/roysam/rwmills/proj/DEEP-TIMING/DT5-viewer/3.0/helper/TIMING_Profiler_Processor.py'
 outputting to '/project/roysam/rwmills/proj/DEEP-TIMING_v2/DT5-viewer/3.0/helper/TIMING_Profiler_Processor.py'
--------------------------------------------------------------------------------

ERROR: Failed to parse.
Traceback (most recent call last):
  File "/project/dsi/apps/python/3.7/lib/python3.7/site-packages/tensorflow/tools/compatibility/ast_edits.py", line 940, in update_string_pasta
    t = pasta.parse(text)
  File "/project/dsi/apps/python/3.7/lib/python3.7/site-packages/pasta/__init__.py", line 23, in parse
    t = ast_utils.parse(src)
  File "/project/dsi/apps/python/3.7/lib/python3.7/site-packages/pasta/base/ast_utils.py", line 56, in parse
    tree = ast.parse(sanitize_source(src))
  File "/project/dsi/apps/python/3.7/lib/python3.7/ast.py", line 35, in parse
    return compile(source, filename, mode, PyCF_ONLY_AST)
  File "<unknown>", line 8
    print filename
                 ^
SyntaxError: Missing parentheses in call to 'print'. Did you mean print(filename)?

--------------------------------------------------------------------------------

--------------------------------------------------------------------------------
Processing file '/project/roysam/rwmills/proj/DEEP-TIMING/DT5-viewer/3.0/helper/TIMING_QImageConverter.py'
 outputting to '/project/roysam/rwmills/proj/DEEP-TIMING_v2/DT5-viewer/3.0/helper/TIMING_QImageConverter.py'
--------------------------------------------------------------------------------


--------------------------------------------------------------------------------

--------------------------------------------------------------------------------
Processing file '/project/roysam/rwmills/proj/DEEP-TIMING/DT5-viewer/3.0/helper/TIMING_TSPlot.py'
 outputting to '/project/roysam/rwmills/proj/DEEP-TIMING_v2/DT5-viewer/3.0/helper/TIMING_TSPlot.py'
--------------------------------------------------------------------------------

ERROR: Failed to parse.
Traceback (most recent call last):
  File "/project/dsi/apps/python/3.7/lib/python3.7/site-packages/tensorflow/tools/compatibility/ast_edits.py", line 940, in update_string_pasta
    t = pasta.parse(text)
  File "/project/dsi/apps/python/3.7/lib/python3.7/site-packages/pasta/__init__.py", line 23, in parse
    t = ast_utils.parse(src)
  File "/project/dsi/apps/python/3.7/lib/python3.7/site-packages/pasta/base/ast_utils.py", line 56, in parse
    tree = ast.parse(sanitize_source(src))
  File "/project/dsi/apps/python/3.7/lib/python3.7/ast.py", line 35, in parse
    return compile(source, filename, mode, PyCF_ONLY_AST)
  File "<unknown>", line 123
    print "No cell E1 or No given features"
                                          ^
SyntaxError: Missing parentheses in call to 'print'. Did you mean print("No cell E1 or No given features")?

--------------------------------------------------------------------------------

--------------------------------------------------------------------------------
Processing file '/project/roysam/rwmills/proj/DEEP-TIMING/DT5-viewer/3.0/helper/TIMING_labelImageQT.py'
 outputting to '/project/roysam/rwmills/proj/DEEP-TIMING_v2/DT5-viewer/3.0/helper/TIMING_labelImageQT.py'
--------------------------------------------------------------------------------


--------------------------------------------------------------------------------

--------------------------------------------------------------------------------
Processing file '/project/roysam/rwmills/proj/DEEP-TIMING/DT5-viewer/3.0/helper/TIMING_radarMap.py'
 outputting to '/project/roysam/rwmills/proj/DEEP-TIMING_v2/DT5-viewer/3.0/helper/TIMING_radarMap.py'
--------------------------------------------------------------------------------


--------------------------------------------------------------------------------

--------------------------------------------------------------------------------
Processing file '/project/roysam/rwmills/proj/DEEP-TIMING/DT5-viewer/3.0/helper/TIMING_sliderWindow.py'
 outputting to '/project/roysam/rwmills/proj/DEEP-TIMING_v2/DT5-viewer/3.0/helper/TIMING_sliderWindow.py'
--------------------------------------------------------------------------------


--------------------------------------------------------------------------------

--------------------------------------------------------------------------------
Processing file '/project/roysam/rwmills/proj/DEEP-TIMING/DT5-viewer/3.0/timing2-features/feature_worker.py'
 outputting to '/project/roysam/rwmills/proj/DEEP-TIMING_v2/DT5-viewer/3.0/timing2-features/feature_worker.py'
--------------------------------------------------------------------------------


--------------------------------------------------------------------------------

--------------------------------------------------------------------------------
Processing file '/project/roysam/rwmills/proj/DEEP-TIMING/DT5-viewer/3.0/timing2-tracker/cell_tracker.py'
 outputting to '/project/roysam/rwmills/proj/DEEP-TIMING_v2/DT5-viewer/3.0/timing2-tracker/cell_tracker.py'
--------------------------------------------------------------------------------


--------------------------------------------------------------------------------

--------------------------------------------------------------------------------
Processing file '/project/roysam/rwmills/proj/DEEP-TIMING/DT5-viewer/3.0/timing2-tracker/track_worker.py'
 outputting to '/project/roysam/rwmills/proj/DEEP-TIMING_v2/DT5-viewer/3.0/timing2-tracker/track_worker.py'
--------------------------------------------------------------------------------


--------------------------------------------------------------------------------

--------------------------------------------------------------------------------
Processing file '/project/roysam/rwmills/proj/DEEP-TIMING/DT5-viewer/3.0RG/LabelImageQt.py'
 outputting to '/project/roysam/rwmills/proj/DEEP-TIMING_v2/DT5-viewer/3.0RG/LabelImageQt.py'
--------------------------------------------------------------------------------


--------------------------------------------------------------------------------

--------------------------------------------------------------------------------
Processing file '/project/roysam/rwmills/proj/DEEP-TIMING/DT5-viewer/3.0RG/TIMING_Community.py'
 outputting to '/project/roysam/rwmills/proj/DEEP-TIMING_v2/DT5-viewer/3.0RG/TIMING_Community.py'
--------------------------------------------------------------------------------


--------------------------------------------------------------------------------

--------------------------------------------------------------------------------
Processing file '/project/roysam/rwmills/proj/DEEP-TIMING/DT5-viewer/3.0RG/TIMING_DT_Sampler.py'
 outputting to '/project/roysam/rwmills/proj/DEEP-TIMING_v2/DT5-viewer/3.0RG/TIMING_DT_Sampler.py'
--------------------------------------------------------------------------------

ERROR: Failed to parse.
Traceback (most recent call last):
  File "/project/dsi/apps/python/3.7/lib/python3.7/site-packages/tensorflow/tools/compatibility/ast_edits.py", line 940, in update_string_pasta
    t = pasta.parse(text)
  File "/project/dsi/apps/python/3.7/lib/python3.7/site-packages/pasta/__init__.py", line 23, in parse
    t = ast_utils.parse(src)
  File "/project/dsi/apps/python/3.7/lib/python3.7/site-packages/pasta/base/ast_utils.py", line 56, in parse
    tree = ast.parse(sanitize_source(src))
  File "/project/dsi/apps/python/3.7/lib/python3.7/ast.py", line 35, in parse
    return compile(source, filename, mode, PyCF_ONLY_AST)
  File "<unknown>", line 127
    print "read stat LOG ..."
                            ^
SyntaxError: Missing parentheses in call to 'print'. Did you mean print("read stat LOG ...")?

--------------------------------------------------------------------------------

--------------------------------------------------------------------------------
Processing file '/project/roysam/rwmills/proj/DEEP-TIMING/DT5-viewer/3.0RG/TIMING_Data_Manager.py'
 outputting to '/project/roysam/rwmills/proj/DEEP-TIMING_v2/DT5-viewer/3.0RG/TIMING_Data_Manager.py'
--------------------------------------------------------------------------------


--------------------------------------------------------------------------------

--------------------------------------------------------------------------------
Processing file '/project/roysam/rwmills/proj/DEEP-TIMING/DT5-viewer/3.0RG/TIMING_Feature_Board.py'
 outputting to '/project/roysam/rwmills/proj/DEEP-TIMING_v2/DT5-viewer/3.0RG/TIMING_Feature_Board.py'
--------------------------------------------------------------------------------


--------------------------------------------------------------------------------

--------------------------------------------------------------------------------
Processing file '/project/roysam/rwmills/proj/DEEP-TIMING/DT5-viewer/3.0RG/TIMING_Main.py'
 outputting to '/project/roysam/rwmills/proj/DEEP-TIMING_v2/DT5-viewer/3.0RG/TIMING_Main.py'
--------------------------------------------------------------------------------

ERROR: Failed to parse.
Traceback (most recent call last):
  File "/project/dsi/apps/python/3.7/lib/python3.7/site-packages/tensorflow/tools/compatibility/ast_edits.py", line 940, in update_string_pasta
    t = pasta.parse(text)
  File "/project/dsi/apps/python/3.7/lib/python3.7/site-packages/pasta/__init__.py", line 23, in parse
    t = ast_utils.parse(src)
  File "/project/dsi/apps/python/3.7/lib/python3.7/site-packages/pasta/base/ast_utils.py", line 56, in parse
    tree = ast.parse(sanitize_source(src))
  File "/project/dsi/apps/python/3.7/lib/python3.7/ast.py", line 35, in parse
    return compile(source, filename, mode, PyCF_ONLY_AST)
  File "<unknown>", line 229
    print "No Nanowell Exist!"
                             ^
SyntaxError: Missing parentheses in call to 'print'. Did you mean print("No Nanowell Exist!")?

--------------------------------------------------------------------------------

--------------------------------------------------------------------------------
Processing file '/project/roysam/rwmills/proj/DEEP-TIMING/DT5-viewer/3.0RG/TIMING_Nanowell.py'
 outputting to '/project/roysam/rwmills/proj/DEEP-TIMING_v2/DT5-viewer/3.0RG/TIMING_Nanowell.py'
--------------------------------------------------------------------------------

ERROR: Failed to parse.
Traceback (most recent call last):
  File "/project/dsi/apps/python/3.7/lib/python3.7/site-packages/tensorflow/tools/compatibility/ast_edits.py", line 940, in update_string_pasta
    t = pasta.parse(text)
  File "/project/dsi/apps/python/3.7/lib/python3.7/site-packages/pasta/__init__.py", line 23, in parse
    t = ast_utils.parse(src)
  File "/project/dsi/apps/python/3.7/lib/python3.7/site-packages/pasta/base/ast_utils.py", line 56, in parse
    tree = ast.parse(sanitize_source(src))
  File "/project/dsi/apps/python/3.7/lib/python3.7/ast.py", line 35, in parse
    return compile(source, filename, mode, PyCF_ONLY_AST)
  File "<unknown>", line 110
    print "Error2!"
                  ^
SyntaxError: Missing parentheses in call to 'print'. Did you mean print("Error2!")?

--------------------------------------------------------------------------------

--------------------------------------------------------------------------------
Processing file '/project/roysam/rwmills/proj/DEEP-TIMING/DT5-viewer/3.0RG/TIMING_Profiler.py'
 outputting to '/project/roysam/rwmills/proj/DEEP-TIMING_v2/DT5-viewer/3.0RG/TIMING_Profiler.py'
--------------------------------------------------------------------------------

ERROR: Failed to parse.
Traceback (most recent call last):
  File "/project/dsi/apps/python/3.7/lib/python3.7/site-packages/tensorflow/tools/compatibility/ast_edits.py", line 940, in update_string_pasta
    t = pasta.parse(text)
  File "/project/dsi/apps/python/3.7/lib/python3.7/site-packages/pasta/__init__.py", line 23, in parse
    t = ast_utils.parse(src)
  File "/project/dsi/apps/python/3.7/lib/python3.7/site-packages/pasta/base/ast_utils.py", line 56, in parse
    tree = ast.parse(sanitize_source(src))
  File "/project/dsi/apps/python/3.7/lib/python3.7/ast.py", line 35, in parse
    return compile(source, filename, mode, PyCF_ONLY_AST)
  File "<unknown>", line 97
    print "Not Enabled yet..."
                             ^
SyntaxError: Missing parentheses in call to 'print'. Did you mean print("Not Enabled yet...")?

--------------------------------------------------------------------------------

--------------------------------------------------------------------------------
Processing file '/project/roysam/rwmills/proj/DEEP-TIMING/DT5-viewer/3.0RG/TIMING_Profiler_Processor.py'
 outputting to '/project/roysam/rwmills/proj/DEEP-TIMING_v2/DT5-viewer/3.0RG/TIMING_Profiler_Processor.py'
--------------------------------------------------------------------------------

ERROR: Failed to parse.
Traceback (most recent call last):
  File "/project/dsi/apps/python/3.7/lib/python3.7/site-packages/tensorflow/tools/compatibility/ast_edits.py", line 940, in update_string_pasta
    t = pasta.parse(text)
  File "/project/dsi/apps/python/3.7/lib/python3.7/site-packages/pasta/__init__.py", line 23, in parse
    t = ast_utils.parse(src)
  File "/project/dsi/apps/python/3.7/lib/python3.7/site-packages/pasta/base/ast_utils.py", line 56, in parse
    tree = ast.parse(sanitize_source(src))
  File "/project/dsi/apps/python/3.7/lib/python3.7/ast.py", line 35, in parse
    return compile(source, filename, mode, PyCF_ONLY_AST)
  File "<unknown>", line 8
    print filename
                 ^
SyntaxError: Missing parentheses in call to 'print'. Did you mean print(filename)?

--------------------------------------------------------------------------------

--------------------------------------------------------------------------------
Processing file '/project/roysam/rwmills/proj/DEEP-TIMING/DT5-viewer/3.0RG/TIMING_ReEditBox.py'
 outputting to '/project/roysam/rwmills/proj/DEEP-TIMING_v2/DT5-viewer/3.0RG/TIMING_ReEditBox.py'
--------------------------------------------------------------------------------

ERROR: Failed to parse.
Traceback (most recent call last):
  File "/project/dsi/apps/python/3.7/lib/python3.7/site-packages/tensorflow/tools/compatibility/ast_edits.py", line 940, in update_string_pasta
    t = pasta.parse(text)
  File "/project/dsi/apps/python/3.7/lib/python3.7/site-packages/pasta/__init__.py", line 23, in parse
    t = ast_utils.parse(src)
  File "/project/dsi/apps/python/3.7/lib/python3.7/site-packages/pasta/base/ast_utils.py", line 56, in parse
    tree = ast.parse(sanitize_source(src))
  File "/project/dsi/apps/python/3.7/lib/python3.7/ast.py", line 35, in parse
    return compile(source, filename, mode, PyCF_ONLY_AST)
  File "<unknown>", line 1129
    print "please go to Nanowell for feature!"
                                             ^
SyntaxError: Missing parentheses in call to 'print'. Did you mean print("please go to Nanowell for feature!")?

--------------------------------------------------------------------------------

--------------------------------------------------------------------------------
Processing file '/project/roysam/rwmills/proj/DEEP-TIMING/DT5-viewer/3.0RG/sliderWidget.py'
 outputting to '/project/roysam/rwmills/proj/DEEP-TIMING_v2/DT5-viewer/3.0RG/sliderWidget.py'
--------------------------------------------------------------------------------


--------------------------------------------------------------------------------

--------------------------------------------------------------------------------
Processing file '/project/roysam/rwmills/proj/DEEP-TIMING/DT5-viewer/3.0RG/helper/TIMING_Profiler_Processor.py'
 outputting to '/project/roysam/rwmills/proj/DEEP-TIMING_v2/DT5-viewer/3.0RG/helper/TIMING_Profiler_Processor.py'
--------------------------------------------------------------------------------

ERROR: Failed to parse.
Traceback (most recent call last):
  File "/project/dsi/apps/python/3.7/lib/python3.7/site-packages/tensorflow/tools/compatibility/ast_edits.py", line 940, in update_string_pasta
    t = pasta.parse(text)
  File "/project/dsi/apps/python/3.7/lib/python3.7/site-packages/pasta/__init__.py", line 23, in parse
    t = ast_utils.parse(src)
  File "/project/dsi/apps/python/3.7/lib/python3.7/site-packages/pasta/base/ast_utils.py", line 56, in parse
    tree = ast.parse(sanitize_source(src))
  File "/project/dsi/apps/python/3.7/lib/python3.7/ast.py", line 35, in parse
    return compile(source, filename, mode, PyCF_ONLY_AST)
  File "<unknown>", line 8
    print filename
                 ^
SyntaxError: Missing parentheses in call to 'print'. Did you mean print(filename)?

--------------------------------------------------------------------------------

--------------------------------------------------------------------------------
Processing file '/project/roysam/rwmills/proj/DEEP-TIMING/DT5-viewer/3.0RG/helper/TIMING_QImageConverter.py'
 outputting to '/project/roysam/rwmills/proj/DEEP-TIMING_v2/DT5-viewer/3.0RG/helper/TIMING_QImageConverter.py'
--------------------------------------------------------------------------------


--------------------------------------------------------------------------------

--------------------------------------------------------------------------------
Processing file '/project/roysam/rwmills/proj/DEEP-TIMING/DT5-viewer/3.0RG/helper/TIMING_TSPlot.py'
 outputting to '/project/roysam/rwmills/proj/DEEP-TIMING_v2/DT5-viewer/3.0RG/helper/TIMING_TSPlot.py'
--------------------------------------------------------------------------------

ERROR: Failed to parse.
Traceback (most recent call last):
  File "/project/dsi/apps/python/3.7/lib/python3.7/site-packages/tensorflow/tools/compatibility/ast_edits.py", line 940, in update_string_pasta
    t = pasta.parse(text)
  File "/project/dsi/apps/python/3.7/lib/python3.7/site-packages/pasta/__init__.py", line 23, in parse
    t = ast_utils.parse(src)
  File "/project/dsi/apps/python/3.7/lib/python3.7/site-packages/pasta/base/ast_utils.py", line 56, in parse
    tree = ast.parse(sanitize_source(src))
  File "/project/dsi/apps/python/3.7/lib/python3.7/ast.py", line 35, in parse
    return compile(source, filename, mode, PyCF_ONLY_AST)
  File "<unknown>", line 123
    print "No cell E1 or No given features"
                                          ^
SyntaxError: Missing parentheses in call to 'print'. Did you mean print("No cell E1 or No given features")?

--------------------------------------------------------------------------------

--------------------------------------------------------------------------------
Processing file '/project/roysam/rwmills/proj/DEEP-TIMING/DT5-viewer/3.0RG/helper/TIMING_labelImageQT.py'
 outputting to '/project/roysam/rwmills/proj/DEEP-TIMING_v2/DT5-viewer/3.0RG/helper/TIMING_labelImageQT.py'
--------------------------------------------------------------------------------


--------------------------------------------------------------------------------

--------------------------------------------------------------------------------
Processing file '/project/roysam/rwmills/proj/DEEP-TIMING/DT5-viewer/3.0RG/helper/TIMING_radarMap.py'
 outputting to '/project/roysam/rwmills/proj/DEEP-TIMING_v2/DT5-viewer/3.0RG/helper/TIMING_radarMap.py'
--------------------------------------------------------------------------------


--------------------------------------------------------------------------------

--------------------------------------------------------------------------------
Processing file '/project/roysam/rwmills/proj/DEEP-TIMING/DT5-viewer/3.0RG/helper/TIMING_sliderWindow.py'
 outputting to '/project/roysam/rwmills/proj/DEEP-TIMING_v2/DT5-viewer/3.0RG/helper/TIMING_sliderWindow.py'
--------------------------------------------------------------------------------


--------------------------------------------------------------------------------

--------------------------------------------------------------------------------
Processing file '/project/roysam/rwmills/proj/DEEP-TIMING/DT5-viewer/3.0RG/timing2-features/feature_worker.py'
 outputting to '/project/roysam/rwmills/proj/DEEP-TIMING_v2/DT5-viewer/3.0RG/timing2-features/feature_worker.py'
--------------------------------------------------------------------------------


--------------------------------------------------------------------------------

--------------------------------------------------------------------------------
Processing file '/project/roysam/rwmills/proj/DEEP-TIMING/DT5-viewer/3.0RG/timing2-tracker/cell_tracker.py'
 outputting to '/project/roysam/rwmills/proj/DEEP-TIMING_v2/DT5-viewer/3.0RG/timing2-tracker/cell_tracker.py'
--------------------------------------------------------------------------------


--------------------------------------------------------------------------------

--------------------------------------------------------------------------------
Processing file '/project/roysam/rwmills/proj/DEEP-TIMING/DT5-viewer/3.0RG/timing2-tracker/track_worker.py'
 outputting to '/project/roysam/rwmills/proj/DEEP-TIMING_v2/DT5-viewer/3.0RG/timing2-tracker/track_worker.py'
--------------------------------------------------------------------------------


--------------------------------------------------------------------------------

--------------------------------------------------------------------------------
Processing file '/project/roysam/rwmills/proj/DEEP-TIMING/DT5-viewer/GTS-1000-viewer/LabelImageQt.py'
 outputting to '/project/roysam/rwmills/proj/DEEP-TIMING_v2/DT5-viewer/GTS-1000-viewer/LabelImageQt.py'
--------------------------------------------------------------------------------


--------------------------------------------------------------------------------

--------------------------------------------------------------------------------
Processing file '/project/roysam/rwmills/proj/DEEP-TIMING/DT5-viewer/GTS-1000-viewer/TIMING_QImageConverter.py'
 outputting to '/project/roysam/rwmills/proj/DEEP-TIMING_v2/DT5-viewer/GTS-1000-viewer/TIMING_QImageConverter.py'
--------------------------------------------------------------------------------


--------------------------------------------------------------------------------

--------------------------------------------------------------------------------
Processing file '/project/roysam/rwmills/proj/DEEP-TIMING/DT5-viewer/GTS-1000-viewer/TIMING_labelImageQT.py'
 outputting to '/project/roysam/rwmills/proj/DEEP-TIMING_v2/DT5-viewer/GTS-1000-viewer/TIMING_labelImageQT.py'
--------------------------------------------------------------------------------


--------------------------------------------------------------------------------

--------------------------------------------------------------------------------
Processing file '/project/roysam/rwmills/proj/DEEP-TIMING/DT5-viewer/GTS-1000-viewer/labelTrack.py'
 outputting to '/project/roysam/rwmills/proj/DEEP-TIMING_v2/DT5-viewer/GTS-1000-viewer/labelTrack.py'
--------------------------------------------------------------------------------


--------------------------------------------------------------------------------

--------------------------------------------------------------------------------
Processing file '/project/roysam/rwmills/proj/DEEP-TIMING/DT5-viewer/GTS-1000-viewer/sliderWidget.py'
 outputting to '/project/roysam/rwmills/proj/DEEP-TIMING_v2/DT5-viewer/GTS-1000-viewer/sliderWidget.py'
--------------------------------------------------------------------------------


--------------------------------------------------------------------------------

--------------------------------------------------------------------------------
Processing file '/project/roysam/rwmills/proj/DEEP-TIMING/DT5-viewer/GTS-1000-viewer/tableWidget.py'
 outputting to '/project/roysam/rwmills/proj/DEEP-TIMING_v2/DT5-viewer/GTS-1000-viewer/tableWidget.py'
--------------------------------------------------------------------------------


--------------------------------------------------------------------------------

--------------------------------------------------------------------------------
Processing file '/project/roysam/rwmills/proj/DEEP-TIMING/DT5-viewer/GTS-600-viewer/LabelImageQt.py'
 outputting to '/project/roysam/rwmills/proj/DEEP-TIMING_v2/DT5-viewer/GTS-600-viewer/LabelImageQt.py'
--------------------------------------------------------------------------------


--------------------------------------------------------------------------------

--------------------------------------------------------------------------------
Processing file '/project/roysam/rwmills/proj/DEEP-TIMING/DT5-viewer/GTS-600-viewer/TIMING_QImageConverter.py'
 outputting to '/project/roysam/rwmills/proj/DEEP-TIMING_v2/DT5-viewer/GTS-600-viewer/TIMING_QImageConverter.py'
--------------------------------------------------------------------------------


--------------------------------------------------------------------------------

--------------------------------------------------------------------------------
Processing file '/project/roysam/rwmills/proj/DEEP-TIMING/DT5-viewer/GTS-600-viewer/TIMING_labelImageQT.py'
 outputting to '/project/roysam/rwmills/proj/DEEP-TIMING_v2/DT5-viewer/GTS-600-viewer/TIMING_labelImageQT.py'
--------------------------------------------------------------------------------


--------------------------------------------------------------------------------

--------------------------------------------------------------------------------
Processing file '/project/roysam/rwmills/proj/DEEP-TIMING/DT5-viewer/GTS-600-viewer/labelTrack.py'
 outputting to '/project/roysam/rwmills/proj/DEEP-TIMING_v2/DT5-viewer/GTS-600-viewer/labelTrack.py'
--------------------------------------------------------------------------------

ERROR: Failed to parse.
Traceback (most recent call last):
  File "/project/dsi/apps/python/3.7/lib/python3.7/site-packages/tensorflow/tools/compatibility/ast_edits.py", line 940, in update_string_pasta
    t = pasta.parse(text)
  File "/project/dsi/apps/python/3.7/lib/python3.7/site-packages/pasta/__init__.py", line 23, in parse
    t = ast_utils.parse(src)
  File "/project/dsi/apps/python/3.7/lib/python3.7/site-packages/pasta/base/ast_utils.py", line 56, in parse
    tree = ast.parse(sanitize_source(src))
  File "/project/dsi/apps/python/3.7/lib/python3.7/ast.py", line 35, in parse
    return compile(source, filename, mode, PyCF_ONLY_AST)
  File "<unknown>", line 29
    self.GLOBAL_SEQ = 1
                      ^
TabError: inconsistent use of tabs and spaces in indentation

--------------------------------------------------------------------------------

--------------------------------------------------------------------------------
Processing file '/project/roysam/rwmills/proj/DEEP-TIMING/DT5-viewer/GTS-600-viewer/sliderWidget.py'
 outputting to '/project/roysam/rwmills/proj/DEEP-TIMING_v2/DT5-viewer/GTS-600-viewer/sliderWidget.py'
--------------------------------------------------------------------------------


--------------------------------------------------------------------------------

--------------------------------------------------------------------------------
Processing file '/project/roysam/rwmills/proj/DEEP-TIMING/DT5-viewer/GTS-600-viewer/tableWidget.py'
 outputting to '/project/roysam/rwmills/proj/DEEP-TIMING_v2/DT5-viewer/GTS-600-viewer/tableWidget.py'
--------------------------------------------------------------------------------


--------------------------------------------------------------------------------

--------------------------------------------------------------------------------
Processing file '/project/roysam/rwmills/proj/DEEP-TIMING/DT5-viewer/viewer_Apoptosis/LabelImageQt.py'
 outputting to '/project/roysam/rwmills/proj/DEEP-TIMING_v2/DT5-viewer/viewer_Apoptosis/LabelImageQt.py'
--------------------------------------------------------------------------------


--------------------------------------------------------------------------------

--------------------------------------------------------------------------------
Processing file '/project/roysam/rwmills/proj/DEEP-TIMING/DT5-viewer/viewer_Apoptosis/TIMING_Community.py'
 outputting to '/project/roysam/rwmills/proj/DEEP-TIMING_v2/DT5-viewer/viewer_Apoptosis/TIMING_Community.py'
--------------------------------------------------------------------------------


--------------------------------------------------------------------------------

--------------------------------------------------------------------------------
Processing file '/project/roysam/rwmills/proj/DEEP-TIMING/DT5-viewer/viewer_Apoptosis/TIMING_DT_Sampler.py'
 outputting to '/project/roysam/rwmills/proj/DEEP-TIMING_v2/DT5-viewer/viewer_Apoptosis/TIMING_DT_Sampler.py'
--------------------------------------------------------------------------------

ERROR: Failed to parse.
Traceback (most recent call last):
  File "/project/dsi/apps/python/3.7/lib/python3.7/site-packages/tensorflow/tools/compatibility/ast_edits.py", line 940, in update_string_pasta
    t = pasta.parse(text)
  File "/project/dsi/apps/python/3.7/lib/python3.7/site-packages/pasta/__init__.py", line 23, in parse
    t = ast_utils.parse(src)
  File "/project/dsi/apps/python/3.7/lib/python3.7/site-packages/pasta/base/ast_utils.py", line 56, in parse
    tree = ast.parse(sanitize_source(src))
  File "/project/dsi/apps/python/3.7/lib/python3.7/ast.py", line 35, in parse
    return compile(source, filename, mode, PyCF_ONLY_AST)
  File "<unknown>", line 127
    print "read stat LOG ..."
                            ^
SyntaxError: Missing parentheses in call to 'print'. Did you mean print("read stat LOG ...")?

--------------------------------------------------------------------------------

--------------------------------------------------------------------------------
Processing file '/project/roysam/rwmills/proj/DEEP-TIMING/DT5-viewer/viewer_Apoptosis/TIMING_Data_Manager.py'
 outputting to '/project/roysam/rwmills/proj/DEEP-TIMING_v2/DT5-viewer/viewer_Apoptosis/TIMING_Data_Manager.py'
--------------------------------------------------------------------------------


--------------------------------------------------------------------------------

--------------------------------------------------------------------------------
Processing file '/project/roysam/rwmills/proj/DEEP-TIMING/DT5-viewer/viewer_Apoptosis/TIMING_Feature_Board.py'
 outputting to '/project/roysam/rwmills/proj/DEEP-TIMING_v2/DT5-viewer/viewer_Apoptosis/TIMING_Feature_Board.py'
--------------------------------------------------------------------------------


--------------------------------------------------------------------------------

--------------------------------------------------------------------------------
Processing file '/project/roysam/rwmills/proj/DEEP-TIMING/DT5-viewer/viewer_Apoptosis/TIMING_Main.py'
 outputting to '/project/roysam/rwmills/proj/DEEP-TIMING_v2/DT5-viewer/viewer_Apoptosis/TIMING_Main.py'
--------------------------------------------------------------------------------

ERROR: Failed to parse.
Traceback (most recent call last):
  File "/project/dsi/apps/python/3.7/lib/python3.7/site-packages/tensorflow/tools/compatibility/ast_edits.py", line 940, in update_string_pasta
    t = pasta.parse(text)
  File "/project/dsi/apps/python/3.7/lib/python3.7/site-packages/pasta/__init__.py", line 23, in parse
    t = ast_utils.parse(src)
  File "/project/dsi/apps/python/3.7/lib/python3.7/site-packages/pasta/base/ast_utils.py", line 56, in parse
    tree = ast.parse(sanitize_source(src))
  File "/project/dsi/apps/python/3.7/lib/python3.7/ast.py", line 35, in parse
    return compile(source, filename, mode, PyCF_ONLY_AST)
  File "<unknown>", line 229
    print "No Nanowell Exist!"
                             ^
SyntaxError: Missing parentheses in call to 'print'. Did you mean print("No Nanowell Exist!")?

--------------------------------------------------------------------------------

--------------------------------------------------------------------------------
Processing file '/project/roysam/rwmills/proj/DEEP-TIMING/DT5-viewer/viewer_Apoptosis/TIMING_Nanowell.py'
 outputting to '/project/roysam/rwmills/proj/DEEP-TIMING_v2/DT5-viewer/viewer_Apoptosis/TIMING_Nanowell.py'
--------------------------------------------------------------------------------

ERROR: Failed to parse.
Traceback (most recent call last):
  File "/project/dsi/apps/python/3.7/lib/python3.7/site-packages/tensorflow/tools/compatibility/ast_edits.py", line 940, in update_string_pasta
    t = pasta.parse(text)
  File "/project/dsi/apps/python/3.7/lib/python3.7/site-packages/pasta/__init__.py", line 23, in parse
    t = ast_utils.parse(src)
  File "/project/dsi/apps/python/3.7/lib/python3.7/site-packages/pasta/base/ast_utils.py", line 56, in parse
    tree = ast.parse(sanitize_source(src))
  File "/project/dsi/apps/python/3.7/lib/python3.7/ast.py", line 35, in parse
    return compile(source, filename, mode, PyCF_ONLY_AST)
  File "<unknown>", line 110
    print "Error2!"
                  ^
SyntaxError: Missing parentheses in call to 'print'. Did you mean print("Error2!")?

--------------------------------------------------------------------------------

--------------------------------------------------------------------------------
Processing file '/project/roysam/rwmills/proj/DEEP-TIMING/DT5-viewer/viewer_Apoptosis/TIMING_Profiler.py'
 outputting to '/project/roysam/rwmills/proj/DEEP-TIMING_v2/DT5-viewer/viewer_Apoptosis/TIMING_Profiler.py'
--------------------------------------------------------------------------------

ERROR: Failed to parse.
Traceback (most recent call last):
  File "/project/dsi/apps/python/3.7/lib/python3.7/site-packages/tensorflow/tools/compatibility/ast_edits.py", line 940, in update_string_pasta
    t = pasta.parse(text)
  File "/project/dsi/apps/python/3.7/lib/python3.7/site-packages/pasta/__init__.py", line 23, in parse
    t = ast_utils.parse(src)
  File "/project/dsi/apps/python/3.7/lib/python3.7/site-packages/pasta/base/ast_utils.py", line 56, in parse
    tree = ast.parse(sanitize_source(src))
  File "/project/dsi/apps/python/3.7/lib/python3.7/ast.py", line 35, in parse
    return compile(source, filename, mode, PyCF_ONLY_AST)
  File "<unknown>", line 97
    print "Not Enabled yet..."
                             ^
SyntaxError: Missing parentheses in call to 'print'. Did you mean print("Not Enabled yet...")?

--------------------------------------------------------------------------------

--------------------------------------------------------------------------------
Processing file '/project/roysam/rwmills/proj/DEEP-TIMING/DT5-viewer/viewer_Apoptosis/TIMING_Profiler_Processor.py'
 outputting to '/project/roysam/rwmills/proj/DEEP-TIMING_v2/DT5-viewer/viewer_Apoptosis/TIMING_Profiler_Processor.py'
--------------------------------------------------------------------------------

ERROR: Failed to parse.
Traceback (most recent call last):
  File "/project/dsi/apps/python/3.7/lib/python3.7/site-packages/tensorflow/tools/compatibility/ast_edits.py", line 940, in update_string_pasta
    t = pasta.parse(text)
  File "/project/dsi/apps/python/3.7/lib/python3.7/site-packages/pasta/__init__.py", line 23, in parse
    t = ast_utils.parse(src)
  File "/project/dsi/apps/python/3.7/lib/python3.7/site-packages/pasta/base/ast_utils.py", line 56, in parse
    tree = ast.parse(sanitize_source(src))
  File "/project/dsi/apps/python/3.7/lib/python3.7/ast.py", line 35, in parse
    return compile(source, filename, mode, PyCF_ONLY_AST)
  File "<unknown>", line 8
    print filename
                 ^
SyntaxError: Missing parentheses in call to 'print'. Did you mean print(filename)?

--------------------------------------------------------------------------------

--------------------------------------------------------------------------------
Processing file '/project/roysam/rwmills/proj/DEEP-TIMING/DT5-viewer/viewer_Apoptosis/TIMING_ReEditBox.py'
 outputting to '/project/roysam/rwmills/proj/DEEP-TIMING_v2/DT5-viewer/viewer_Apoptosis/TIMING_ReEditBox.py'
--------------------------------------------------------------------------------

ERROR: Failed to parse.
Traceback (most recent call last):
  File "/project/dsi/apps/python/3.7/lib/python3.7/site-packages/tensorflow/tools/compatibility/ast_edits.py", line 940, in update_string_pasta
    t = pasta.parse(text)
  File "/project/dsi/apps/python/3.7/lib/python3.7/site-packages/pasta/__init__.py", line 23, in parse
    t = ast_utils.parse(src)
  File "/project/dsi/apps/python/3.7/lib/python3.7/site-packages/pasta/base/ast_utils.py", line 56, in parse
    tree = ast.parse(sanitize_source(src))
  File "/project/dsi/apps/python/3.7/lib/python3.7/ast.py", line 35, in parse
    return compile(source, filename, mode, PyCF_ONLY_AST)
  File "<unknown>", line 1129
    print "please go to Nanowell for feature!"
                                             ^
SyntaxError: Missing parentheses in call to 'print'. Did you mean print("please go to Nanowell for feature!")?

--------------------------------------------------------------------------------

--------------------------------------------------------------------------------
Processing file '/project/roysam/rwmills/proj/DEEP-TIMING/DT5-viewer/viewer_Apoptosis/sliderWidget.py'
 outputting to '/project/roysam/rwmills/proj/DEEP-TIMING_v2/DT5-viewer/viewer_Apoptosis/sliderWidget.py'
--------------------------------------------------------------------------------


--------------------------------------------------------------------------------

--------------------------------------------------------------------------------
Processing file '/project/roysam/rwmills/proj/DEEP-TIMING/DT5-viewer/viewer_Apoptosis/helper/TIMING_Profiler_Processor.py'
 outputting to '/project/roysam/rwmills/proj/DEEP-TIMING_v2/DT5-viewer/viewer_Apoptosis/helper/TIMING_Profiler_Processor.py'
--------------------------------------------------------------------------------

ERROR: Failed to parse.
Traceback (most recent call last):
  File "/project/dsi/apps/python/3.7/lib/python3.7/site-packages/tensorflow/tools/compatibility/ast_edits.py", line 940, in update_string_pasta
    t = pasta.parse(text)
  File "/project/dsi/apps/python/3.7/lib/python3.7/site-packages/pasta/__init__.py", line 23, in parse
    t = ast_utils.parse(src)
  File "/project/dsi/apps/python/3.7/lib/python3.7/site-packages/pasta/base/ast_utils.py", line 56, in parse
    tree = ast.parse(sanitize_source(src))
  File "/project/dsi/apps/python/3.7/lib/python3.7/ast.py", line 35, in parse
    return compile(source, filename, mode, PyCF_ONLY_AST)
  File "<unknown>", line 8
    print filename
                 ^
SyntaxError: Missing parentheses in call to 'print'. Did you mean print(filename)?

--------------------------------------------------------------------------------

--------------------------------------------------------------------------------
Processing file '/project/roysam/rwmills/proj/DEEP-TIMING/DT5-viewer/viewer_Apoptosis/helper/TIMING_QImageConverter.py'
 outputting to '/project/roysam/rwmills/proj/DEEP-TIMING_v2/DT5-viewer/viewer_Apoptosis/helper/TIMING_QImageConverter.py'
--------------------------------------------------------------------------------


--------------------------------------------------------------------------------

--------------------------------------------------------------------------------
Processing file '/project/roysam/rwmills/proj/DEEP-TIMING/DT5-viewer/viewer_Apoptosis/helper/TIMING_TSPlot.py'
 outputting to '/project/roysam/rwmills/proj/DEEP-TIMING_v2/DT5-viewer/viewer_Apoptosis/helper/TIMING_TSPlot.py'
--------------------------------------------------------------------------------

ERROR: Failed to parse.
Traceback (most recent call last):
  File "/project/dsi/apps/python/3.7/lib/python3.7/site-packages/tensorflow/tools/compatibility/ast_edits.py", line 940, in update_string_pasta
    t = pasta.parse(text)
  File "/project/dsi/apps/python/3.7/lib/python3.7/site-packages/pasta/__init__.py", line 23, in parse
    t = ast_utils.parse(src)
  File "/project/dsi/apps/python/3.7/lib/python3.7/site-packages/pasta/base/ast_utils.py", line 56, in parse
    tree = ast.parse(sanitize_source(src))
  File "/project/dsi/apps/python/3.7/lib/python3.7/ast.py", line 35, in parse
    return compile(source, filename, mode, PyCF_ONLY_AST)
  File "<unknown>", line 137
    print "No cell E1 or No given features"
                                          ^
SyntaxError: Missing parentheses in call to 'print'. Did you mean print("No cell E1 or No given features")?

--------------------------------------------------------------------------------

--------------------------------------------------------------------------------
Processing file '/project/roysam/rwmills/proj/DEEP-TIMING/DT5-viewer/viewer_Apoptosis/helper/TIMING_labelImageQT.py'
 outputting to '/project/roysam/rwmills/proj/DEEP-TIMING_v2/DT5-viewer/viewer_Apoptosis/helper/TIMING_labelImageQT.py'
--------------------------------------------------------------------------------


--------------------------------------------------------------------------------

--------------------------------------------------------------------------------
Processing file '/project/roysam/rwmills/proj/DEEP-TIMING/DT5-viewer/viewer_Apoptosis/helper/TIMING_radarMap.py'
 outputting to '/project/roysam/rwmills/proj/DEEP-TIMING_v2/DT5-viewer/viewer_Apoptosis/helper/TIMING_radarMap.py'
--------------------------------------------------------------------------------


--------------------------------------------------------------------------------

--------------------------------------------------------------------------------
Processing file '/project/roysam/rwmills/proj/DEEP-TIMING/DT5-viewer/viewer_Apoptosis/helper/TIMING_sliderWindow.py'
 outputting to '/project/roysam/rwmills/proj/DEEP-TIMING_v2/DT5-viewer/viewer_Apoptosis/helper/TIMING_sliderWindow.py'
--------------------------------------------------------------------------------


--------------------------------------------------------------------------------

--------------------------------------------------------------------------------
Processing file '/project/roysam/rwmills/proj/DEEP-TIMING/DT5-viewer/viewer_Apoptosis/timing2-features/feature_worker.py'
 outputting to '/project/roysam/rwmills/proj/DEEP-TIMING_v2/DT5-viewer/viewer_Apoptosis/timing2-features/feature_worker.py'
--------------------------------------------------------------------------------


--------------------------------------------------------------------------------

--------------------------------------------------------------------------------
Processing file '/project/roysam/rwmills/proj/DEEP-TIMING/DT5-viewer/viewer_Apoptosis/timing2-tracker/cell_tracker.py'
 outputting to '/project/roysam/rwmills/proj/DEEP-TIMING_v2/DT5-viewer/viewer_Apoptosis/timing2-tracker/cell_tracker.py'
--------------------------------------------------------------------------------


--------------------------------------------------------------------------------

--------------------------------------------------------------------------------
Processing file '/project/roysam/rwmills/proj/DEEP-TIMING/DT5-viewer/viewer_Apoptosis/timing2-tracker/track_worker.py'
 outputting to '/project/roysam/rwmills/proj/DEEP-TIMING_v2/DT5-viewer/viewer_Apoptosis/timing2-tracker/track_worker.py'
--------------------------------------------------------------------------------


--------------------------------------------------------------------------------

--------------------------------------------------------------------------------
Processing file '/project/roysam/rwmills/proj/DEEP-TIMING/DT5-viewer/viewer_mitosis/LabelImageQt.py'
 outputting to '/project/roysam/rwmills/proj/DEEP-TIMING_v2/DT5-viewer/viewer_mitosis/LabelImageQt.py'
--------------------------------------------------------------------------------


--------------------------------------------------------------------------------

--------------------------------------------------------------------------------
Processing file '/project/roysam/rwmills/proj/DEEP-TIMING/DT5-viewer/viewer_mitosis/TIMING_QImageConverter.py'
 outputting to '/project/roysam/rwmills/proj/DEEP-TIMING_v2/DT5-viewer/viewer_mitosis/TIMING_QImageConverter.py'
--------------------------------------------------------------------------------


--------------------------------------------------------------------------------

--------------------------------------------------------------------------------
Processing file '/project/roysam/rwmills/proj/DEEP-TIMING/DT5-viewer/viewer_mitosis/TIMING_labelImageQT.py'
 outputting to '/project/roysam/rwmills/proj/DEEP-TIMING_v2/DT5-viewer/viewer_mitosis/TIMING_labelImageQT.py'
--------------------------------------------------------------------------------


--------------------------------------------------------------------------------

--------------------------------------------------------------------------------
Processing file '/project/roysam/rwmills/proj/DEEP-TIMING/DT5-viewer/viewer_mitosis/labelTrack.py'
 outputting to '/project/roysam/rwmills/proj/DEEP-TIMING_v2/DT5-viewer/viewer_mitosis/labelTrack.py'
--------------------------------------------------------------------------------


--------------------------------------------------------------------------------

--------------------------------------------------------------------------------
Processing file '/project/roysam/rwmills/proj/DEEP-TIMING/DT5-viewer/viewer_mitosis/sliderWidget.py'
 outputting to '/project/roysam/rwmills/proj/DEEP-TIMING_v2/DT5-viewer/viewer_mitosis/sliderWidget.py'
--------------------------------------------------------------------------------


--------------------------------------------------------------------------------

--------------------------------------------------------------------------------
Processing file '/project/roysam/rwmills/proj/DEEP-TIMING/DT5-viewer/viewer_mitosis/tableWidget.py'
 outputting to '/project/roysam/rwmills/proj/DEEP-TIMING_v2/DT5-viewer/viewer_mitosis/tableWidget.py'
--------------------------------------------------------------------------------


--------------------------------------------------------------------------------

--------------------------------------------------------------------------------
Processing file '/project/roysam/rwmills/proj/DEEP-TIMING/DT5-viewer/viewer_v1/LabelImageQt.py'
 outputting to '/project/roysam/rwmills/proj/DEEP-TIMING_v2/DT5-viewer/viewer_v1/LabelImageQt.py'
--------------------------------------------------------------------------------


--------------------------------------------------------------------------------

--------------------------------------------------------------------------------
Processing file '/project/roysam/rwmills/proj/DEEP-TIMING/DT5-viewer/viewer_v1/TIMING_QImageConverter.py'
 outputting to '/project/roysam/rwmills/proj/DEEP-TIMING_v2/DT5-viewer/viewer_v1/TIMING_QImageConverter.py'
--------------------------------------------------------------------------------


--------------------------------------------------------------------------------

--------------------------------------------------------------------------------
Processing file '/project/roysam/rwmills/proj/DEEP-TIMING/DT5-viewer/viewer_v1/TIMING_labelImageQT.py'
 outputting to '/project/roysam/rwmills/proj/DEEP-TIMING_v2/DT5-viewer/viewer_v1/TIMING_labelImageQT.py'
--------------------------------------------------------------------------------


--------------------------------------------------------------------------------

--------------------------------------------------------------------------------
Processing file '/project/roysam/rwmills/proj/DEEP-TIMING/DT5-viewer/viewer_v1/labelTrack.py'
 outputting to '/project/roysam/rwmills/proj/DEEP-TIMING_v2/DT5-viewer/viewer_v1/labelTrack.py'
--------------------------------------------------------------------------------


--------------------------------------------------------------------------------

--------------------------------------------------------------------------------
Processing file '/project/roysam/rwmills/proj/DEEP-TIMING/DT5-viewer/viewer_v1/sliderWidget.py'
 outputting to '/project/roysam/rwmills/proj/DEEP-TIMING_v2/DT5-viewer/viewer_v1/sliderWidget.py'
--------------------------------------------------------------------------------


--------------------------------------------------------------------------------

--------------------------------------------------------------------------------
Processing file '/project/roysam/rwmills/proj/DEEP-TIMING/DT5-viewer/viewer_v1/tableWidget.py'
 outputting to '/project/roysam/rwmills/proj/DEEP-TIMING_v2/DT5-viewer/viewer_v1/tableWidget.py'
--------------------------------------------------------------------------------


--------------------------------------------------------------------------------

--------------------------------------------------------------------------------
Processing file '/project/roysam/rwmills/proj/DEEP-TIMING/DT5-viewer/viewer_v2/LabelImageQt.py'
 outputting to '/project/roysam/rwmills/proj/DEEP-TIMING_v2/DT5-viewer/viewer_v2/LabelImageQt.py'
--------------------------------------------------------------------------------


--------------------------------------------------------------------------------

--------------------------------------------------------------------------------
Processing file '/project/roysam/rwmills/proj/DEEP-TIMING/DT5-viewer/viewer_v2/TIMING_QImageConverter.py'
 outputting to '/project/roysam/rwmills/proj/DEEP-TIMING_v2/DT5-viewer/viewer_v2/TIMING_QImageConverter.py'
--------------------------------------------------------------------------------


--------------------------------------------------------------------------------

--------------------------------------------------------------------------------
Processing file '/project/roysam/rwmills/proj/DEEP-TIMING/DT5-viewer/viewer_v2/TIMING_labelImageQT.py'
 outputting to '/project/roysam/rwmills/proj/DEEP-TIMING_v2/DT5-viewer/viewer_v2/TIMING_labelImageQT.py'
--------------------------------------------------------------------------------


--------------------------------------------------------------------------------

--------------------------------------------------------------------------------
Processing file '/project/roysam/rwmills/proj/DEEP-TIMING/DT5-viewer/viewer_v2/labelTrack.py'
 outputting to '/project/roysam/rwmills/proj/DEEP-TIMING_v2/DT5-viewer/viewer_v2/labelTrack.py'
--------------------------------------------------------------------------------


--------------------------------------------------------------------------------

--------------------------------------------------------------------------------
Processing file '/project/roysam/rwmills/proj/DEEP-TIMING/DT5-viewer/viewer_v2/sliderWidget.py'
 outputting to '/project/roysam/rwmills/proj/DEEP-TIMING_v2/DT5-viewer/viewer_v2/sliderWidget.py'
--------------------------------------------------------------------------------


--------------------------------------------------------------------------------

--------------------------------------------------------------------------------
Processing file '/project/roysam/rwmills/proj/DEEP-TIMING/DT5-viewer/viewer_v2/tableWidget.py'
 outputting to '/project/roysam/rwmills/proj/DEEP-TIMING_v2/DT5-viewer/viewer_v2/tableWidget.py'
--------------------------------------------------------------------------------


--------------------------------------------------------------------------------

--------------------------------------------------------------------------------
Processing file '/project/roysam/rwmills/proj/DEEP-TIMING/test/12571611.py'
 outputting to '/project/roysam/rwmills/proj/DEEP-TIMING_v2/test/12571611.py'
--------------------------------------------------------------------------------


--------------------------------------------------------------------------------

--------------------------------------------------------------------------------
Processing file '/project/roysam/rwmills/proj/DEEP-TIMING/test/12571612.py'
 outputting to '/project/roysam/rwmills/proj/DEEP-TIMING_v2/test/12571612.py'
--------------------------------------------------------------------------------


--------------------------------------------------------------------------------

